<!DOCTYPE html>

<html>
  <head>
  <meta charset='utf-8'>
  <title>TestNG reports</title>

    <link type="text/css" href="testng-reports1.css" rel="stylesheet" id="ultra" />
    <link type="text/css" href="testng-reports.css" rel="stylesheet" id="retro" disabled="false"/>
    <script type="text/javascript" src="jquery-3.4.1.min.js"></script>
    <script type="text/javascript" src="testng-reports.js"></script>
    <script type="text/javascript" src="https://www.google.com/jsapi"></script>
    <script type='text/javascript'>
      google.load('visualization', '1', {packages:['table']});
      google.setOnLoadCallback(drawTable);
      var suiteTableInitFunctions = new Array();
      var suiteTableData = new Array();
    </script>
    <!--
      <script type="text/javascript" src="jquery-ui/js/jquery-ui-1.8.16.custom.min.js"></script>
     -->
  </head>

  <body>
    <div class="top-banner-root">
      <span class="top-banner-title-font">Test results</span>
      <button id="button" class="button">Switch Retro Theme</button> <!-- button -->
      <br/>
      <span class="top-banner-font-1">1 suite, 24 failed tests</span>
    </div> <!-- top-banner-root -->
    <div class="navigator-root">
      <div class="navigator-suite-header">
        <span>All suites</span>
        <a href="#" title="Collapse/expand all the suites" class="collapse-all-link">
          <img src="collapseall.gif" class="collapse-all-icon">
          </img> <!-- collapse-all-icon -->
        </a> <!-- collapse-all-link -->
      </div> <!-- navigator-suite-header -->
      <div class="suite">
        <div class="rounded-window">
          <div class="suite-header light-rounded-window-top">
            <a href="#" panel-name="suite-Default_suite" class="navigator-link">
              <span class="suite-name border-failed">Default suite</span>
            </a> <!-- navigator-link -->
          </div> <!-- suite-header light-rounded-window-top -->
          <div class="navigator-suite-content">
            <div class="suite-section-title">
              <span>Info</span>
            </div> <!-- suite-section-title -->
            <div class="suite-section-content">
              <ul>
                <li>
                  <a href="#" panel-name="test-xml-Default_suite" class="navigator-link ">
                    <span>C:\Users\admin\AppData\Local\Temp\testng-eclipse--136959589\testng-customsuite.xml</span>
                  </a> <!-- navigator-link  -->
                </li>
                <li>
                  <a href="#" panel-name="testlist-Default_suite" class="navigator-link ">
                    <span class="test-stats">1 test</span>
                  </a> <!-- navigator-link  -->
                </li>
                <li>
                  <a href="#" panel-name="group-Default_suite" class="navigator-link ">
                    <span>0 groups</span>
                  </a> <!-- navigator-link  -->
                </li>
                <li>
                  <a href="#" panel-name="times-Default_suite" class="navigator-link ">
                    <span>Times</span>
                  </a> <!-- navigator-link  -->
                </li>
                <li>
                  <a href="#" panel-name="reporter-Default_suite" class="navigator-link ">
                    <span>Reporter output</span>
                  </a> <!-- navigator-link  -->
                </li>
                <li>
                  <a href="#" panel-name="ignored-methods-Default_suite" class="navigator-link ">
                    <span>Ignored methods</span>
                  </a> <!-- navigator-link  -->
                </li>
                <li>
                  <a href="#" panel-name="chronological-Default_suite" class="navigator-link ">
                    <span>Chronological view</span>
                  </a> <!-- navigator-link  -->
                </li>
              </ul>
            </div> <!-- suite-section-content -->
            <div class="result-section">
              <div class="suite-section-title">
                <span>Results</span>
              </div> <!-- suite-section-title -->
              <div class="suite-section-content">
                <ul>
                  <li>
                    <span class="method-stats">80 methods, 24 failed,   56 passed</span>
                  </li>
                  <li>
                    <span class="method-list-title failed">Failed methods</span>
                    <span class="show-or-hide-methods failed">
                      <a href="#" panel-name="suite-Default_suite" class="hide-methods failed suite-Default_suite"> (hide)</a> <!-- hide-methods failed suite-Default_suite -->
                      <a href="#" panel-name="suite-Default_suite" class="show-methods failed suite-Default_suite"> (show)</a> <!-- show-methods failed suite-Default_suite -->
                    </span>
                    <div class="method-list-content failed suite-Default_suite">
                      <span>
                        <img src="failed.png" width="3%"/>
                        <a href="#" panel-name="suite-Default_suite" title="Execute.Execute_cases" class="method navigator-link" hash-for-method="confirm_HiWiFi">confirm_HiWiFi</a> <!-- method navigator-link -->
                      </span>
                      <br/>
                      <span>
                        <img src="failed.png" width="3%"/>
                        <a href="#" panel-name="suite-Default_suite" title="Execute.Execute_cases" class="method navigator-link" hash-for-method="confirm_HiWiFi_mobile">confirm_HiWiFi_mobile</a> <!-- method navigator-link -->
                      </span>
                      <br/>
                      <span>
                        <img src="failed.png" width="3%"/>
                        <a href="#" panel-name="suite-Default_suite" title="Execute.Execute_cases" class="method navigator-link" hash-for-method="confirm_MyanmarNetAWaThone">confirm_MyanmarNetAWaThone</a> <!-- method navigator-link -->
                      </span>
                      <br/>
                      <span>
                        <img src="failed.png" width="3%"/>
                        <a href="#" panel-name="suite-Default_suite" title="Execute.Execute_cases" class="method navigator-link" hash-for-method="confirm_MyanmarNetPrepaid">confirm_MyanmarNetPrepaid</a> <!-- method navigator-link -->
                      </span>
                      <br/>
                      <span>
                        <img src="failed.png" width="3%"/>
                        <a href="#" panel-name="suite-Default_suite" title="Execute.Execute_cases" class="method navigator-link" hash-for-method="confirm_TeleData">confirm_TeleData</a> <!-- method navigator-link -->
                      </span>
                      <br/>
                      <span>
                        <img src="failed.png" width="3%"/>
                        <a href="#" panel-name="suite-Default_suite" title="Execute.Execute_cases" class="method navigator-link" hash-for-method="confirm_Telenor_Fiber">confirm_Telenor_Fiber</a> <!-- method navigator-link -->
                      </span>
                      <br/>
                      <span>
                        <img src="failed.png" width="3%"/>
                        <a href="#" panel-name="suite-Default_suite" title="Execute.Execute_cases" class="method navigator-link" hash-for-method="confirm_Telenor_Wireless">confirm_Telenor_Wireless</a> <!-- method navigator-link -->
                      </span>
                      <br/>
                      <span>
                        <img src="failed.png" width="3%"/>
                        <a href="#" panel-name="suite-Default_suite" title="Execute.Execute_cases" class="method navigator-link" hash-for-method="confirm_gifts_SWSGD">confirm_gifts_SWSGD</a> <!-- method navigator-link -->
                      </span>
                      <br/>
                      <span>
                        <img src="failed.png" width="3%"/>
                        <a href="#" panel-name="suite-Default_suite" title="Execute.Execute_cases" class="method navigator-link" hash-for-method="confirm_gifts_iTunes">confirm_gifts_iTunes</a> <!-- method navigator-link -->
                      </span>
                      <br/>
                      <span>
                        <img src="failed.png" width="3%"/>
                        <a href="#" panel-name="suite-Default_suite" title="Execute.Execute_cases" class="method navigator-link" hash-for-method="confirm_gifts_viberOut">confirm_gifts_viberOut</a> <!-- method navigator-link -->
                      </span>
                      <br/>
                      <span>
                        <img src="failed.png" width="3%"/>
                        <a href="#" panel-name="suite-Default_suite" title="Execute.Execute_cases" class="method navigator-link" hash-for-method="eLoad_Confirm_MPTDataPack">eLoad_Confirm_MPTDataPack</a> <!-- method navigator-link -->
                      </span>
                      <br/>
                      <span>
                        <img src="failed.png" width="3%"/>
                        <a href="#" panel-name="suite-Default_suite" title="Execute.Execute_cases" class="method navigator-link" hash-for-method="eLoad_Confirm_MPTeLoad">eLoad_Confirm_MPTeLoad</a> <!-- method navigator-link -->
                      </span>
                      <br/>
                      <span>
                        <img src="failed.png" width="3%"/>
                        <a href="#" panel-name="suite-Default_suite" title="Execute.Execute_cases" class="method navigator-link" hash-for-method="eLoad_Confirm_MyTelDataPack">eLoad_Confirm_MyTelDataPack</a> <!-- method navigator-link -->
                      </span>
                      <br/>
                      <span>
                        <img src="failed.png" width="3%"/>
                        <a href="#" panel-name="suite-Default_suite" title="Execute.Execute_cases" class="method navigator-link" hash-for-method="eLoad_Confirm_OoredooDataPack">eLoad_Confirm_OoredooDataPack</a> <!-- method navigator-link -->
                      </span>
                      <br/>
                      <span>
                        <img src="failed.png" width="3%"/>
                        <a href="#" panel-name="suite-Default_suite" title="Execute.Execute_cases" class="method navigator-link" hash-for-method="eLoad_Confirm_TeleDataPack">eLoad_Confirm_TeleDataPack</a> <!-- method navigator-link -->
                      </span>
                      <br/>
                      <span>
                        <img src="failed.png" width="3%"/>
                        <a href="#" panel-name="suite-Default_suite" title="Execute.Execute_cases" class="method navigator-link" hash-for-method="eLoad_Confirm_telenor_eload">eLoad_Confirm_telenor_eload</a> <!-- method navigator-link -->
                      </span>
                      <br/>
                      <span>
                        <img src="failed.png" width="3%"/>
                        <a href="#" panel-name="suite-Default_suite" title="Execute.Execute_cases" class="method navigator-link" hash-for-method="get_MSEC_District">get_MSEC_District</a> <!-- method navigator-link -->
                      </span>
                      <br/>
                      <span>
                        <img src="failed.png" width="3%"/>
                        <a href="#" panel-name="suite-Default_suite" title="Execute.Execute_cases" class="method navigator-link" hash-for-method="movies_Confirm_CanalPlus">movies_Confirm_CanalPlus</a> <!-- method navigator-link -->
                      </span>
                      <br/>
                      <span>
                        <img src="failed.png" width="3%"/>
                        <a href="#" panel-name="suite-Default_suite" title="Execute.Execute_cases" class="method navigator-link" hash-for-method="movies_Confirm_Vivu">movies_Confirm_Vivu</a> <!-- method navigator-link -->
                      </span>
                      <br/>
                      <span>
                        <img src="failed.png" width="3%"/>
                        <a href="#" panel-name="suite-Default_suite" title="Execute.Execute_cases" class="method navigator-link" hash-for-method="movies_Confirm_lalakyi">movies_Confirm_lalakyi</a> <!-- method navigator-link -->
                      </span>
                      <br/>
                      <span>
                        <img src="failed.png" width="3%"/>
                        <a href="#" panel-name="suite-Default_suite" title="Execute.Execute_cases" class="method navigator-link" hash-for-method="movies_Confirm_mahar">movies_Confirm_mahar</a> <!-- method navigator-link -->
                      </span>
                      <br/>
                      <span>
                        <img src="failed.png" width="3%"/>
                        <a href="#" panel-name="suite-Default_suite" title="Execute.Execute_cases" class="method navigator-link" hash-for-method="movies_enq_mahar">movies_enq_mahar</a> <!-- method navigator-link -->
                      </span>
                      <br/>
                      <span>
                        <img src="failed.png" width="3%"/>
                        <a href="#" panel-name="suite-Default_suite" title="Execute.Execute_cases" class="method navigator-link" hash-for-method="reload_123">reload_123</a> <!-- method navigator-link -->
                      </span>
                      <br/>
                      <span>
                        <img src="failed.png" width="3%"/>
                        <a href="#" panel-name="suite-Default_suite" title="Execute.Execute_cases" class="method navigator-link" hash-for-method="txn_search_History">txn_search_History</a> <!-- method navigator-link -->
                      </span>
                      <br/>
                    </div> <!-- method-list-content failed suite-Default_suite -->
                  </li>
                  <li>
                    <span class="method-list-title passed">Passed methods</span>
                    <span class="show-or-hide-methods passed">
                      <a href="#" panel-name="suite-Default_suite" class="hide-methods passed suite-Default_suite"> (hide)</a> <!-- hide-methods passed suite-Default_suite -->
                      <a href="#" panel-name="suite-Default_suite" class="show-methods passed suite-Default_suite"> (show)</a> <!-- show-methods passed suite-Default_suite -->
                    </span>
                    <div class="method-list-content passed suite-Default_suite">
                      <span>
                        <img src="passed.png" width="3%"/>
                        <a href="#" panel-name="suite-Default_suite" title="Execute.Execute_cases" class="method navigator-link" hash-for-method="Authentication">Authentication</a> <!-- method navigator-link -->
                      </span>
                      <br/>
                      <span>
                        <img src="passed.png" width="3%"/>
                        <a href="#" panel-name="suite-Default_suite" title="Execute.Execute_cases" class="method navigator-link" hash-for-method="DB">DB</a> <!-- method navigator-link -->
                      </span>
                      <br/>
                      <span>
                        <img src="passed.png" width="3%"/>
                        <a href="#" panel-name="suite-Default_suite" title="Execute.Execute_cases" class="method navigator-link" hash-for-method="POST_OTP">POST_OTP</a> <!-- method navigator-link -->
                      </span>
                      <br/>
                      <span>
                        <img src="passed.png" width="3%"/>
                        <a href="#" panel-name="suite-Default_suite" title="Execute.Execute_cases" class="method navigator-link" hash-for-method="POST_OTP_Request">POST_OTP_Request</a> <!-- method navigator-link -->
                      </span>
                      <br/>
                      <span>
                        <img src="passed.png" width="3%"/>
                        <a href="#" panel-name="suite-Default_suite" title="Execute.Execute_cases" class="method navigator-link" hash-for-method="add_Address">add_Address</a> <!-- method navigator-link -->
                      </span>
                      <br/>
                      <span>
                        <img src="passed.png" width="3%"/>
                        <a href="#" panel-name="suite-Default_suite" title="Execute.Execute_cases" class="method navigator-link" hash-for-method="create_RTP">create_RTP</a> <!-- method navigator-link -->
                      </span>
                      <br/>
                      <span>
                        <img src="passed.png" width="3%"/>
                        <a href="#" panel-name="suite-Default_suite" title="Execute.Execute_cases" class="method navigator-link" hash-for-method="delete_Address">delete_Address</a> <!-- method navigator-link -->
                      </span>
                      <br/>
                      <span>
                        <img src="passed.png" width="3%"/>
                        <a href="#" panel-name="suite-Default_suite" title="Execute.Execute_cases" class="method navigator-link" hash-for-method="donate_List">donate_List</a> <!-- method navigator-link -->
                      </span>
                      <br/>
                      <span>
                        <img src="passed.png" width="3%"/>
                        <a href="#" panel-name="suite-Default_suite" title="Execute.Execute_cases" class="method navigator-link" hash-for-method="eload_enq_MPTDataPack">eload_enq_MPTDataPack</a> <!-- method navigator-link -->
                      </span>
                      <br/>
                      <span>
                        <img src="passed.png" width="3%"/>
                        <a href="#" panel-name="suite-Default_suite" title="Execute.Execute_cases" class="method navigator-link" hash-for-method="eload_enq_MPTeLoad">eload_enq_MPTeLoad</a> <!-- method navigator-link -->
                      </span>
                      <br/>
                      <span>
                        <img src="passed.png" width="3%"/>
                        <a href="#" panel-name="suite-Default_suite" title="Execute.Execute_cases" class="method navigator-link" hash-for-method="eload_enq_MyTelDataPack">eload_enq_MyTelDataPack</a> <!-- method navigator-link -->
                      </span>
                      <br/>
                      <span>
                        <img src="passed.png" width="3%"/>
                        <a href="#" panel-name="suite-Default_suite" title="Execute.Execute_cases" class="method navigator-link" hash-for-method="eload_enq_OoredooDataPack">eload_enq_OoredooDataPack</a> <!-- method navigator-link -->
                      </span>
                      <br/>
                      <span>
                        <img src="passed.png" width="3%"/>
                        <a href="#" panel-name="suite-Default_suite" title="Execute.Execute_cases" class="method navigator-link" hash-for-method="eload_enq_TeleDataPack">eload_enq_TeleDataPack</a> <!-- method navigator-link -->
                      </span>
                      <br/>
                      <span>
                        <img src="passed.png" width="3%"/>
                        <a href="#" panel-name="suite-Default_suite" title="Execute.Execute_cases" class="method navigator-link" hash-for-method="eload_enq_telenor_eload">eload_enq_telenor_eload</a> <!-- method navigator-link -->
                      </span>
                      <br/>
                      <span>
                        <img src="passed.png" width="3%"/>
                        <a href="#" panel-name="suite-Default_suite" title="Execute.Execute_cases" class="method navigator-link" hash-for-method="enq_HIWIFI_W0_Mobile">enq_HIWIFI_W0_Mobile</a> <!-- method navigator-link -->
                      </span>
                      <br/>
                      <span>
                        <img src="passed.png" width="3%"/>
                        <a href="#" panel-name="suite-Default_suite" title="Execute.Execute_cases" class="method navigator-link" hash-for-method="enq_HiWiFi">enq_HiWiFi</a> <!-- method navigator-link -->
                      </span>
                      <br/>
                      <span>
                        <img src="passed.png" width="3%"/>
                        <a href="#" panel-name="suite-Default_suite" title="Execute.Execute_cases" class="method navigator-link" hash-for-method="enq_MyanmarNetAWaThone">enq_MyanmarNetAWaThone</a> <!-- method navigator-link -->
                      </span>
                      <br/>
                      <span>
                        <img src="passed.png" width="3%"/>
                        <a href="#" panel-name="suite-Default_suite" title="Execute.Execute_cases" class="method navigator-link" hash-for-method="enq_MyanmarNetPrepaid">enq_MyanmarNetPrepaid</a> <!-- method navigator-link -->
                      </span>
                      <br/>
                      <span>
                        <img src="passed.png" width="3%"/>
                        <a href="#" panel-name="suite-Default_suite" title="Execute.Execute_cases" class="method navigator-link" hash-for-method="enq_TelenorDataPack">enq_TelenorDataPack</a> <!-- method navigator-link -->
                      </span>
                      <br/>
                      <span>
                        <img src="passed.png" width="3%"/>
                        <a href="#" panel-name="suite-Default_suite" title="Execute.Execute_cases" class="method navigator-link" hash-for-method="enq_gifts_SWSGD">enq_gifts_SWSGD</a> <!-- method navigator-link -->
                      </span>
                      <br/>
                      <span>
                        <img src="passed.png" width="3%"/>
                        <a href="#" panel-name="suite-Default_suite" title="Execute.Execute_cases" class="method navigator-link" hash-for-method="enq_gifts_iTunes">enq_gifts_iTunes</a> <!-- method navigator-link -->
                      </span>
                      <br/>
                      <span>
                        <img src="passed.png" width="3%"/>
                        <a href="#" panel-name="suite-Default_suite" title="Execute.Execute_cases" class="method navigator-link" hash-for-method="enq_gifts_viberOut">enq_gifts_viberOut</a> <!-- method navigator-link -->
                      </span>
                      <br/>
                      <span>
                        <img src="passed.png" width="3%"/>
                        <a href="#" panel-name="suite-Default_suite" title="Execute.Execute_cases" class="method navigator-link" hash-for-method="enq_telenor_Fiber">enq_telenor_Fiber</a> <!-- method navigator-link -->
                      </span>
                      <br/>
                      <span>
                        <img src="passed.png" width="3%"/>
                        <a href="#" panel-name="suite-Default_suite" title="Execute.Execute_cases" class="method navigator-link" hash-for-method="enq_telenor_Wireless">enq_telenor_Wireless</a> <!-- method navigator-link -->
                      </span>
                      <br/>
                      <span>
                        <img src="passed.png" width="3%"/>
                        <a href="#" panel-name="suite-Default_suite" title="Execute.Execute_cases" class="method navigator-link" hash-for-method="enquiry_Fees">enquiry_Fees</a> <!-- method navigator-link -->
                      </span>
                      <br/>
                      <span>
                        <img src="passed.png" width="3%"/>
                        <a href="#" panel-name="suite-Default_suite" title="Execute.Execute_cases" class="method navigator-link" hash-for-method="generated_Random_MNO">generated_Random_MNO</a> <!-- method navigator-link -->
                      </span>
                      <br/>
                      <span>
                        <img src="passed.png" width="3%"/>
                        <a href="#" panel-name="suite-Default_suite" title="Execute.Execute_cases" class="method navigator-link" hash-for-method="get_Address_Detail">get_Address_Detail</a> <!-- method navigator-link -->
                      </span>
                      <br/>
                      <span>
                        <img src="passed.png" width="3%"/>
                        <a href="#" panel-name="suite-Default_suite" title="Execute.Execute_cases" class="method navigator-link" hash-for-method="get_Address_List">get_Address_List</a> <!-- method navigator-link -->
                      </span>
                      <br/>
                      <span>
                        <img src="passed.png" width="3%"/>
                        <a href="#" panel-name="suite-Default_suite" title="Execute.Execute_cases" class="method navigator-link" hash-for-method="get_Greeting_Message">get_Greeting_Message</a> <!-- method navigator-link -->
                      </span>
                      <br/>
                      <span>
                        <img src="passed.png" width="3%"/>
                        <a href="#" panel-name="suite-Default_suite" title="Execute.Execute_cases" class="method navigator-link" hash-for-method="get_Internet_list">get_Internet_list</a> <!-- method navigator-link -->
                      </span>
                      <br/>
                      <span>
                        <img src="passed.png" width="3%"/>
                        <a href="#" panel-name="suite-Default_suite" title="Execute.Execute_cases" class="method navigator-link" hash-for-method="get_MSG_Detail">get_MSG_Detail</a> <!-- method navigator-link -->
                      </span>
                      <br/>
                      <span>
                        <img src="passed.png" width="3%"/>
                        <a href="#" panel-name="suite-Default_suite" title="Execute.Execute_cases" class="method navigator-link" hash-for-method="get_Marketing_msg_List">get_Marketing_msg_List</a> <!-- method navigator-link -->
                      </span>
                      <br/>
                      <span>
                        <img src="passed.png" width="3%"/>
                        <a href="#" panel-name="suite-Default_suite" title="Execute.Execute_cases" class="method navigator-link" hash-for-method="get_Meters">get_Meters</a> <!-- method navigator-link -->
                      </span>
                      <br/>
                      <span>
                        <img src="passed.png" width="3%"/>
                        <a href="#" panel-name="suite-Default_suite" title="Execute.Execute_cases" class="method navigator-link" hash-for-method="get_Monthly_details">get_Monthly_details</a> <!-- method navigator-link -->
                      </span>
                      <br/>
                      <span>
                        <img src="passed.png" width="3%"/>
                        <a href="#" panel-name="suite-Default_suite" title="Execute.Execute_cases" class="method navigator-link" hash-for-method="get_Unread_MSG_Count">get_Unread_MSG_Count</a> <!-- method navigator-link -->
                      </span>
                      <br/>
                      <span>
                        <img src="passed.png" width="3%"/>
                        <a href="#" panel-name="suite-Default_suite" title="Execute.Execute_cases" class="method navigator-link" hash-for-method="goods_By_Merchant_ID">goods_By_Merchant_ID</a> <!-- method navigator-link -->
                      </span>
                      <br/>
                      <span>
                        <img src="passed.png" width="3%"/>
                        <a href="#" panel-name="suite-Default_suite" title="Execute.Execute_cases" class="method navigator-link" hash-for-method="goods_Merchant_Category">goods_Merchant_Category</a> <!-- method navigator-link -->
                      </span>
                      <br/>
                      <span>
                        <img src="passed.png" width="3%"/>
                        <a href="#" panel-name="suite-Default_suite" title="Execute.Execute_cases" class="method navigator-link" hash-for-method="inquiry">inquiry</a> <!-- method navigator-link -->
                      </span>
                      <br/>
                      <span>
                        <img src="passed.png" width="3%"/>
                        <a href="#" panel-name="suite-Default_suite" title="Execute.Execute_cases" class="method navigator-link" hash-for-method="login">login</a> <!-- method navigator-link -->
                      </span>
                      <br/>
                      <span>
                        <img src="passed.png" width="3%"/>
                        <a href="#" panel-name="suite-Default_suite" title="Execute.Execute_cases" class="method navigator-link" hash-for-method="movies_enq_CanalPlus">movies_enq_CanalPlus</a> <!-- method navigator-link -->
                      </span>
                      <br/>
                      <span>
                        <img src="passed.png" width="3%"/>
                        <a href="#" panel-name="suite-Default_suite" title="Execute.Execute_cases" class="method navigator-link" hash-for-method="movies_enq_Lalakyi">movies_enq_Lalakyi</a> <!-- method navigator-link -->
                      </span>
                      <br/>
                      <span>
                        <img src="passed.png" width="3%"/>
                        <a href="#" panel-name="suite-Default_suite" title="Execute.Execute_cases" class="method navigator-link" hash-for-method="movies_enq_vivu">movies_enq_vivu</a> <!-- method navigator-link -->
                      </span>
                      <br/>
                      <span>
                        <img src="passed.png" width="3%"/>
                        <a href="#" panel-name="suite-Default_suite" title="Execute.Execute_cases" class="method navigator-link" hash-for-method="my_Workbench">my_Workbench</a> <!-- method navigator-link -->
                      </span>
                      <br/>
                      <span>
                        <img src="passed.png" width="3%"/>
                        <a href="#" panel-name="suite-Default_suite" title="Execute.Execute_cases" class="method navigator-link" hash-for-method="patch_Update_Nickname">patch_Update_Nickname</a> <!-- method navigator-link -->
                      </span>
                      <br/>
                      <span>
                        <img src="passed.png" width="3%"/>
                        <a href="#" panel-name="suite-Default_suite" title="Execute.Execute_cases" class="method navigator-link" hash-for-method="pay_RTP">pay_RTP</a> <!-- method navigator-link -->
                      </span>
                      <br/>
                      <span>
                        <img src="passed.png" width="3%"/>
                        <a href="#" panel-name="suite-Default_suite" title="Execute.Execute_cases" class="method navigator-link" hash-for-method="reg_Passport">reg_Passport</a> <!-- method navigator-link -->
                      </span>
                      <br/>
                      <span>
                        <img src="passed.png" width="3%"/>
                        <a href="#" panel-name="suite-Default_suite" title="Execute.Execute_cases" class="method navigator-link" hash-for-method="reload_1234">reload_1234</a> <!-- method navigator-link -->
                      </span>
                      <br/>
                      <span>
                        <img src="passed.png" width="3%"/>
                        <a href="#" panel-name="suite-Default_suite" title="Execute.Execute_cases" class="method navigator-link" hash-for-method="reload_MPU">reload_MPU</a> <!-- method navigator-link -->
                      </span>
                      <br/>
                      <span>
                        <img src="passed.png" width="3%"/>
                        <a href="#" panel-name="suite-Default_suite" title="Execute.Execute_cases" class="method navigator-link" hash-for-method="reload_Wavepay">reload_Wavepay</a> <!-- method navigator-link -->
                      </span>
                      <br/>
                      <span>
                        <img src="passed.png" width="3%"/>
                        <a href="#" panel-name="suite-Default_suite" title="Execute.Execute_cases" class="method navigator-link" hash-for-method="set_Pass">set_Pass</a> <!-- method navigator-link -->
                      </span>
                      <br/>
                      <span>
                        <img src="passed.png" width="3%"/>
                        <a href="#" panel-name="suite-Default_suite" title="Execute.Execute_cases" class="method navigator-link" hash-for-method="set_Primary_Address">set_Primary_Address</a> <!-- method navigator-link -->
                      </span>
                      <br/>
                      <span>
                        <img src="passed.png" width="3%"/>
                        <a href="#" panel-name="suite-Default_suite" title="Execute.Execute_cases" class="method navigator-link" hash-for-method="transfer">transfer</a> <!-- method navigator-link -->
                      </span>
                      <br/>
                      <span>
                        <img src="passed.png" width="3%"/>
                        <a href="#" panel-name="suite-Default_suite" title="Execute.Execute_cases" class="method navigator-link" hash-for-method="transfer_Lookup">transfer_Lookup</a> <!-- method navigator-link -->
                      </span>
                      <br/>
                      <span>
                        <img src="passed.png" width="3%"/>
                        <a href="#" panel-name="suite-Default_suite" title="Execute.Execute_cases" class="method navigator-link" hash-for-method="update_Address">update_Address</a> <!-- method navigator-link -->
                      </span>
                      <br/>
                      <span>
                        <img src="passed.png" width="3%"/>
                        <a href="#" panel-name="suite-Default_suite" title="Execute.Execute_cases" class="method navigator-link" hash-for-method="user_Details">user_Details</a> <!-- method navigator-link -->
                      </span>
                      <br/>
                      <span>
                        <img src="passed.png" width="3%"/>
                        <a href="#" panel-name="suite-Default_suite" title="Execute.Execute_cases" class="method navigator-link" hash-for-method="user_Donate_List">user_Donate_List</a> <!-- method navigator-link -->
                      </span>
                      <br/>
                    </div> <!-- method-list-content passed suite-Default_suite -->
                  </li>
                </ul>
              </div> <!-- suite-section-content -->
            </div> <!-- result-section -->
          </div> <!-- navigator-suite-content -->
        </div> <!-- rounded-window -->
      </div> <!-- suite -->
    </div> <!-- navigator-root -->
    <div class="wrapper">
      <div class="main-panel-root">
        <div panel-name="suite-Default_suite" class="panel Default_suite">
          <div class="suite-Default_suite-class-failed">
            <div class="main-panel-header rounded-window-top">
              <img src="failed.png"/>
              <span class="class-name">Execute.Execute_cases</span>
            </div> <!-- main-panel-header rounded-window-top -->
            <div class="main-panel-content rounded-window-bottom">
              <div class="method">
                <div class="method-content">
                  <a name="confirm_HiWiFi">
                  </a> <!-- confirm_HiWiFi -->
                  <span class="method-name">confirm_HiWiFi</span>
                  <div class="stack-trace">java.lang.AssertionError: expected [000] but found [T03]
	at org.testng.Assert.fail(Assert.java:97)
	at org.testng.Assert.assertEqualsImpl(Assert.java:136)
	at org.testng.Assert.assertEquals(Assert.java:118)
	at org.testng.Assert.assertEquals(Assert.java:575)
	at org.testng.Assert.assertEquals(Assert.java:585)
	at Execute.Execute_cases.confirm_HiWiFi(Execute_cases.java:329)
	at java.base/jdk.internal.reflect.NativeMethodAccessorImpl.invoke0(Native Method)
	at java.base/jdk.internal.reflect.NativeMethodAccessorImpl.invoke(NativeMethodAccessorImpl.java:62)
	at java.base/jdk.internal.reflect.DelegatingMethodAccessorImpl.invoke(DelegatingMethodAccessorImpl.java:43)
	at java.base/java.lang.reflect.Method.invoke(Method.java:564)
	at org.testng.internal.MethodInvocationHelper.invokeMethod(MethodInvocationHelper.java:135)
	at org.testng.internal.TestInvoker.invokeMethod(TestInvoker.java:598)
	at org.testng.internal.TestInvoker.invokeTestMethod(TestInvoker.java:174)
	at org.testng.internal.MethodRunner.runInSequence(MethodRunner.java:46)
	at org.testng.internal.TestInvoker$MethodInvocationAgent.invoke(TestInvoker.java:821)
	at org.testng.internal.TestInvoker.invokeTestMethods(TestInvoker.java:147)
	at org.testng.internal.TestMethodWorker.invokeTestMethods(TestMethodWorker.java:146)
	at org.testng.internal.TestMethodWorker.run(TestMethodWorker.java:128)
	at java.base/java.util.ArrayList.forEach(ArrayList.java:1510)
	at org.testng.TestRunner.privateRun(TestRunner.java:767)
	at org.testng.TestRunner.run(TestRunner.java:588)
	at org.testng.SuiteRunner.runTest(SuiteRunner.java:384)
	at org.testng.SuiteRunner.runSequentially(SuiteRunner.java:378)
	at org.testng.SuiteRunner.privateRun(SuiteRunner.java:337)
	at org.testng.SuiteRunner.run(SuiteRunner.java:286)
	at org.testng.SuiteRunnerWorker.runSuite(SuiteRunnerWorker.java:53)
	at org.testng.SuiteRunnerWorker.run(SuiteRunnerWorker.java:96)
	at org.testng.TestNG.runSuitesSequentially(TestNG.java:1214)
	at org.testng.TestNG.runSuitesLocally(TestNG.java:1136)
	at org.testng.TestNG.runSuites(TestNG.java:1066)
	at org.testng.TestNG.run(TestNG.java:1034)
	at org.testng.remote.AbstractRemoteTestNG.run(AbstractRemoteTestNG.java:115)
	at org.testng.remote.RemoteTestNG.initAndRun(RemoteTestNG.java:251)
	at org.testng.remote.RemoteTestNG.main(RemoteTestNG.java:77)

</div> <!-- stack-trace -->
                </div> <!-- method-content -->
              </div> <!-- method -->
              <div class="method">
                <div class="method-content">
                  <a name="confirm_HiWiFi_mobile">
                  </a> <!-- confirm_HiWiFi_mobile -->
                  <span class="method-name">confirm_HiWiFi_mobile</span>
                  <div class="stack-trace">java.lang.AssertionError: expected [000] but found [T03]
	at org.testng.Assert.fail(Assert.java:97)
	at org.testng.Assert.assertEqualsImpl(Assert.java:136)
	at org.testng.Assert.assertEquals(Assert.java:118)
	at org.testng.Assert.assertEquals(Assert.java:575)
	at org.testng.Assert.assertEquals(Assert.java:585)
	at Execute.Execute_cases.confirm_HiWiFi_mobile(Execute_cases.java:385)
	at java.base/jdk.internal.reflect.NativeMethodAccessorImpl.invoke0(Native Method)
	at java.base/jdk.internal.reflect.NativeMethodAccessorImpl.invoke(NativeMethodAccessorImpl.java:62)
	at java.base/jdk.internal.reflect.DelegatingMethodAccessorImpl.invoke(DelegatingMethodAccessorImpl.java:43)
	at java.base/java.lang.reflect.Method.invoke(Method.java:564)
	at org.testng.internal.MethodInvocationHelper.invokeMethod(MethodInvocationHelper.java:135)
	at org.testng.internal.TestInvoker.invokeMethod(TestInvoker.java:598)
	at org.testng.internal.TestInvoker.invokeTestMethod(TestInvoker.java:174)
	at org.testng.internal.MethodRunner.runInSequence(MethodRunner.java:46)
	at org.testng.internal.TestInvoker$MethodInvocationAgent.invoke(TestInvoker.java:821)
	at org.testng.internal.TestInvoker.invokeTestMethods(TestInvoker.java:147)
	at org.testng.internal.TestMethodWorker.invokeTestMethods(TestMethodWorker.java:146)
	at org.testng.internal.TestMethodWorker.run(TestMethodWorker.java:128)
	at java.base/java.util.ArrayList.forEach(ArrayList.java:1510)
	at org.testng.TestRunner.privateRun(TestRunner.java:767)
	at org.testng.TestRunner.run(TestRunner.java:588)
	at org.testng.SuiteRunner.runTest(SuiteRunner.java:384)
	at org.testng.SuiteRunner.runSequentially(SuiteRunner.java:378)
	at org.testng.SuiteRunner.privateRun(SuiteRunner.java:337)
	at org.testng.SuiteRunner.run(SuiteRunner.java:286)
	at org.testng.SuiteRunnerWorker.runSuite(SuiteRunnerWorker.java:53)
	at org.testng.SuiteRunnerWorker.run(SuiteRunnerWorker.java:96)
	at org.testng.TestNG.runSuitesSequentially(TestNG.java:1214)
	at org.testng.TestNG.runSuitesLocally(TestNG.java:1136)
	at org.testng.TestNG.runSuites(TestNG.java:1066)
	at org.testng.TestNG.run(TestNG.java:1034)
	at org.testng.remote.AbstractRemoteTestNG.run(AbstractRemoteTestNG.java:115)
	at org.testng.remote.RemoteTestNG.initAndRun(RemoteTestNG.java:251)
	at org.testng.remote.RemoteTestNG.main(RemoteTestNG.java:77)

</div> <!-- stack-trace -->
                </div> <!-- method-content -->
              </div> <!-- method -->
              <div class="method">
                <div class="method-content">
                  <a name="confirm_MyanmarNetAWaThone">
                  </a> <!-- confirm_MyanmarNetAWaThone -->
                  <span class="method-name">confirm_MyanmarNetAWaThone</span>
                  <div class="stack-trace">java.lang.AssertionError: expected [000] but found [T03]
	at org.testng.Assert.fail(Assert.java:97)
	at org.testng.Assert.assertEqualsImpl(Assert.java:136)
	at org.testng.Assert.assertEquals(Assert.java:118)
	at org.testng.Assert.assertEquals(Assert.java:575)
	at org.testng.Assert.assertEquals(Assert.java:585)
	at Execute.Execute_cases.confirm_MyanmarNetAWaThone(Execute_cases.java:413)
	at java.base/jdk.internal.reflect.NativeMethodAccessorImpl.invoke0(Native Method)
	at java.base/jdk.internal.reflect.NativeMethodAccessorImpl.invoke(NativeMethodAccessorImpl.java:62)
	at java.base/jdk.internal.reflect.DelegatingMethodAccessorImpl.invoke(DelegatingMethodAccessorImpl.java:43)
	at java.base/java.lang.reflect.Method.invoke(Method.java:564)
	at org.testng.internal.MethodInvocationHelper.invokeMethod(MethodInvocationHelper.java:135)
	at org.testng.internal.TestInvoker.invokeMethod(TestInvoker.java:598)
	at org.testng.internal.TestInvoker.invokeTestMethod(TestInvoker.java:174)
	at org.testng.internal.MethodRunner.runInSequence(MethodRunner.java:46)
	at org.testng.internal.TestInvoker$MethodInvocationAgent.invoke(TestInvoker.java:821)
	at org.testng.internal.TestInvoker.invokeTestMethods(TestInvoker.java:147)
	at org.testng.internal.TestMethodWorker.invokeTestMethods(TestMethodWorker.java:146)
	at org.testng.internal.TestMethodWorker.run(TestMethodWorker.java:128)
	at java.base/java.util.ArrayList.forEach(ArrayList.java:1510)
	at org.testng.TestRunner.privateRun(TestRunner.java:767)
	at org.testng.TestRunner.run(TestRunner.java:588)
	at org.testng.SuiteRunner.runTest(SuiteRunner.java:384)
	at org.testng.SuiteRunner.runSequentially(SuiteRunner.java:378)
	at org.testng.SuiteRunner.privateRun(SuiteRunner.java:337)
	at org.testng.SuiteRunner.run(SuiteRunner.java:286)
	at org.testng.SuiteRunnerWorker.runSuite(SuiteRunnerWorker.java:53)
	at org.testng.SuiteRunnerWorker.run(SuiteRunnerWorker.java:96)
	at org.testng.TestNG.runSuitesSequentially(TestNG.java:1214)
	at org.testng.TestNG.runSuitesLocally(TestNG.java:1136)
	at org.testng.TestNG.runSuites(TestNG.java:1066)
	at org.testng.TestNG.run(TestNG.java:1034)
	at org.testng.remote.AbstractRemoteTestNG.run(AbstractRemoteTestNG.java:115)
	at org.testng.remote.RemoteTestNG.initAndRun(RemoteTestNG.java:251)
	at org.testng.remote.RemoteTestNG.main(RemoteTestNG.java:77)

</div> <!-- stack-trace -->
                </div> <!-- method-content -->
              </div> <!-- method -->
              <div class="method">
                <div class="method-content">
                  <a name="confirm_MyanmarNetPrepaid">
                  </a> <!-- confirm_MyanmarNetPrepaid -->
                  <span class="method-name">confirm_MyanmarNetPrepaid</span>
                  <div class="stack-trace">java.lang.AssertionError: expected [000] but found [T03]
	at org.testng.Assert.fail(Assert.java:97)
	at org.testng.Assert.assertEqualsImpl(Assert.java:136)
	at org.testng.Assert.assertEquals(Assert.java:118)
	at org.testng.Assert.assertEquals(Assert.java:575)
	at org.testng.Assert.assertEquals(Assert.java:585)
	at Execute.Execute_cases.confirm_MyanmarNetPrepaid(Execute_cases.java:392)
	at java.base/jdk.internal.reflect.NativeMethodAccessorImpl.invoke0(Native Method)
	at java.base/jdk.internal.reflect.NativeMethodAccessorImpl.invoke(NativeMethodAccessorImpl.java:62)
	at java.base/jdk.internal.reflect.DelegatingMethodAccessorImpl.invoke(DelegatingMethodAccessorImpl.java:43)
	at java.base/java.lang.reflect.Method.invoke(Method.java:564)
	at org.testng.internal.MethodInvocationHelper.invokeMethod(MethodInvocationHelper.java:135)
	at org.testng.internal.TestInvoker.invokeMethod(TestInvoker.java:598)
	at org.testng.internal.TestInvoker.invokeTestMethod(TestInvoker.java:174)
	at org.testng.internal.MethodRunner.runInSequence(MethodRunner.java:46)
	at org.testng.internal.TestInvoker$MethodInvocationAgent.invoke(TestInvoker.java:821)
	at org.testng.internal.TestInvoker.invokeTestMethods(TestInvoker.java:147)
	at org.testng.internal.TestMethodWorker.invokeTestMethods(TestMethodWorker.java:146)
	at org.testng.internal.TestMethodWorker.run(TestMethodWorker.java:128)
	at java.base/java.util.ArrayList.forEach(ArrayList.java:1510)
	at org.testng.TestRunner.privateRun(TestRunner.java:767)
	at org.testng.TestRunner.run(TestRunner.java:588)
	at org.testng.SuiteRunner.runTest(SuiteRunner.java:384)
	at org.testng.SuiteRunner.runSequentially(SuiteRunner.java:378)
	at org.testng.SuiteRunner.privateRun(SuiteRunner.java:337)
	at org.testng.SuiteRunner.run(SuiteRunner.java:286)
	at org.testng.SuiteRunnerWorker.runSuite(SuiteRunnerWorker.java:53)
	at org.testng.SuiteRunnerWorker.run(SuiteRunnerWorker.java:96)
	at org.testng.TestNG.runSuitesSequentially(TestNG.java:1214)
	at org.testng.TestNG.runSuitesLocally(TestNG.java:1136)
	at org.testng.TestNG.runSuites(TestNG.java:1066)
	at org.testng.TestNG.run(TestNG.java:1034)
	at org.testng.remote.AbstractRemoteTestNG.run(AbstractRemoteTestNG.java:115)
	at org.testng.remote.RemoteTestNG.initAndRun(RemoteTestNG.java:251)
	at org.testng.remote.RemoteTestNG.main(RemoteTestNG.java:77)

</div> <!-- stack-trace -->
                </div> <!-- method-content -->
              </div> <!-- method -->
              <div class="method">
                <div class="method-content">
                  <a name="confirm_TeleData">
                  </a> <!-- confirm_TeleData -->
                  <span class="method-name">confirm_TeleData</span>
                  <div class="stack-trace">java.lang.AssertionError: expected [000] but found [T03]
	at org.testng.Assert.fail(Assert.java:97)
	at org.testng.Assert.assertEqualsImpl(Assert.java:136)
	at org.testng.Assert.assertEquals(Assert.java:118)
	at org.testng.Assert.assertEquals(Assert.java:575)
	at org.testng.Assert.assertEquals(Assert.java:585)
	at Execute.Execute_cases.confirm_TeleData(Execute_cases.java:378)
	at java.base/jdk.internal.reflect.NativeMethodAccessorImpl.invoke0(Native Method)
	at java.base/jdk.internal.reflect.NativeMethodAccessorImpl.invoke(NativeMethodAccessorImpl.java:62)
	at java.base/jdk.internal.reflect.DelegatingMethodAccessorImpl.invoke(DelegatingMethodAccessorImpl.java:43)
	at java.base/java.lang.reflect.Method.invoke(Method.java:564)
	at org.testng.internal.MethodInvocationHelper.invokeMethod(MethodInvocationHelper.java:135)
	at org.testng.internal.TestInvoker.invokeMethod(TestInvoker.java:598)
	at org.testng.internal.TestInvoker.invokeTestMethod(TestInvoker.java:174)
	at org.testng.internal.MethodRunner.runInSequence(MethodRunner.java:46)
	at org.testng.internal.TestInvoker$MethodInvocationAgent.invoke(TestInvoker.java:821)
	at org.testng.internal.TestInvoker.invokeTestMethods(TestInvoker.java:147)
	at org.testng.internal.TestMethodWorker.invokeTestMethods(TestMethodWorker.java:146)
	at org.testng.internal.TestMethodWorker.run(TestMethodWorker.java:128)
	at java.base/java.util.ArrayList.forEach(ArrayList.java:1510)
	at org.testng.TestRunner.privateRun(TestRunner.java:767)
	at org.testng.TestRunner.run(TestRunner.java:588)
	at org.testng.SuiteRunner.runTest(SuiteRunner.java:384)
	at org.testng.SuiteRunner.runSequentially(SuiteRunner.java:378)
	at org.testng.SuiteRunner.privateRun(SuiteRunner.java:337)
	at org.testng.SuiteRunner.run(SuiteRunner.java:286)
	at org.testng.SuiteRunnerWorker.runSuite(SuiteRunnerWorker.java:53)
	at org.testng.SuiteRunnerWorker.run(SuiteRunnerWorker.java:96)
	at org.testng.TestNG.runSuitesSequentially(TestNG.java:1214)
	at org.testng.TestNG.runSuitesLocally(TestNG.java:1136)
	at org.testng.TestNG.runSuites(TestNG.java:1066)
	at org.testng.TestNG.run(TestNG.java:1034)
	at org.testng.remote.AbstractRemoteTestNG.run(AbstractRemoteTestNG.java:115)
	at org.testng.remote.RemoteTestNG.initAndRun(RemoteTestNG.java:251)
	at org.testng.remote.RemoteTestNG.main(RemoteTestNG.java:77)

</div> <!-- stack-trace -->
                </div> <!-- method-content -->
              </div> <!-- method -->
              <div class="method">
                <div class="method-content">
                  <a name="confirm_Telenor_Fiber">
                  </a> <!-- confirm_Telenor_Fiber -->
                  <span class="method-name">confirm_Telenor_Fiber</span>
                  <div class="stack-trace">java.lang.AssertionError: expected [000] but found [T03]
	at org.testng.Assert.fail(Assert.java:97)
	at org.testng.Assert.assertEqualsImpl(Assert.java:136)
	at org.testng.Assert.assertEquals(Assert.java:118)
	at org.testng.Assert.assertEquals(Assert.java:575)
	at org.testng.Assert.assertEquals(Assert.java:585)
	at Execute.Execute_cases.confirm_Telenor_Fiber(Execute_cases.java:399)
	at java.base/jdk.internal.reflect.NativeMethodAccessorImpl.invoke0(Native Method)
	at java.base/jdk.internal.reflect.NativeMethodAccessorImpl.invoke(NativeMethodAccessorImpl.java:62)
	at java.base/jdk.internal.reflect.DelegatingMethodAccessorImpl.invoke(DelegatingMethodAccessorImpl.java:43)
	at java.base/java.lang.reflect.Method.invoke(Method.java:564)
	at org.testng.internal.MethodInvocationHelper.invokeMethod(MethodInvocationHelper.java:135)
	at org.testng.internal.TestInvoker.invokeMethod(TestInvoker.java:598)
	at org.testng.internal.TestInvoker.invokeTestMethod(TestInvoker.java:174)
	at org.testng.internal.MethodRunner.runInSequence(MethodRunner.java:46)
	at org.testng.internal.TestInvoker$MethodInvocationAgent.invoke(TestInvoker.java:821)
	at org.testng.internal.TestInvoker.invokeTestMethods(TestInvoker.java:147)
	at org.testng.internal.TestMethodWorker.invokeTestMethods(TestMethodWorker.java:146)
	at org.testng.internal.TestMethodWorker.run(TestMethodWorker.java:128)
	at java.base/java.util.ArrayList.forEach(ArrayList.java:1510)
	at org.testng.TestRunner.privateRun(TestRunner.java:767)
	at org.testng.TestRunner.run(TestRunner.java:588)
	at org.testng.SuiteRunner.runTest(SuiteRunner.java:384)
	at org.testng.SuiteRunner.runSequentially(SuiteRunner.java:378)
	at org.testng.SuiteRunner.privateRun(SuiteRunner.java:337)
	at org.testng.SuiteRunner.run(SuiteRunner.java:286)
	at org.testng.SuiteRunnerWorker.runSuite(SuiteRunnerWorker.java:53)
	at org.testng.SuiteRunnerWorker.run(SuiteRunnerWorker.java:96)
	at org.testng.TestNG.runSuitesSequentially(TestNG.java:1214)
	at org.testng.TestNG.runSuitesLocally(TestNG.java:1136)
	at org.testng.TestNG.runSuites(TestNG.java:1066)
	at org.testng.TestNG.run(TestNG.java:1034)
	at org.testng.remote.AbstractRemoteTestNG.run(AbstractRemoteTestNG.java:115)
	at org.testng.remote.RemoteTestNG.initAndRun(RemoteTestNG.java:251)
	at org.testng.remote.RemoteTestNG.main(RemoteTestNG.java:77)

</div> <!-- stack-trace -->
                </div> <!-- method-content -->
              </div> <!-- method -->
              <div class="method">
                <div class="method-content">
                  <a name="confirm_Telenor_Wireless">
                  </a> <!-- confirm_Telenor_Wireless -->
                  <span class="method-name">confirm_Telenor_Wireless</span>
                  <div class="stack-trace">java.lang.AssertionError: expected [000] but found [T03]
	at org.testng.Assert.fail(Assert.java:97)
	at org.testng.Assert.assertEqualsImpl(Assert.java:136)
	at org.testng.Assert.assertEquals(Assert.java:118)
	at org.testng.Assert.assertEquals(Assert.java:575)
	at org.testng.Assert.assertEquals(Assert.java:585)
	at Execute.Execute_cases.confirm_Telenor_Wireless(Execute_cases.java:406)
	at java.base/jdk.internal.reflect.NativeMethodAccessorImpl.invoke0(Native Method)
	at java.base/jdk.internal.reflect.NativeMethodAccessorImpl.invoke(NativeMethodAccessorImpl.java:62)
	at java.base/jdk.internal.reflect.DelegatingMethodAccessorImpl.invoke(DelegatingMethodAccessorImpl.java:43)
	at java.base/java.lang.reflect.Method.invoke(Method.java:564)
	at org.testng.internal.MethodInvocationHelper.invokeMethod(MethodInvocationHelper.java:135)
	at org.testng.internal.TestInvoker.invokeMethod(TestInvoker.java:598)
	at org.testng.internal.TestInvoker.invokeTestMethod(TestInvoker.java:174)
	at org.testng.internal.MethodRunner.runInSequence(MethodRunner.java:46)
	at org.testng.internal.TestInvoker$MethodInvocationAgent.invoke(TestInvoker.java:821)
	at org.testng.internal.TestInvoker.invokeTestMethods(TestInvoker.java:147)
	at org.testng.internal.TestMethodWorker.invokeTestMethods(TestMethodWorker.java:146)
	at org.testng.internal.TestMethodWorker.run(TestMethodWorker.java:128)
	at java.base/java.util.ArrayList.forEach(ArrayList.java:1510)
	at org.testng.TestRunner.privateRun(TestRunner.java:767)
	at org.testng.TestRunner.run(TestRunner.java:588)
	at org.testng.SuiteRunner.runTest(SuiteRunner.java:384)
	at org.testng.SuiteRunner.runSequentially(SuiteRunner.java:378)
	at org.testng.SuiteRunner.privateRun(SuiteRunner.java:337)
	at org.testng.SuiteRunner.run(SuiteRunner.java:286)
	at org.testng.SuiteRunnerWorker.runSuite(SuiteRunnerWorker.java:53)
	at org.testng.SuiteRunnerWorker.run(SuiteRunnerWorker.java:96)
	at org.testng.TestNG.runSuitesSequentially(TestNG.java:1214)
	at org.testng.TestNG.runSuitesLocally(TestNG.java:1136)
	at org.testng.TestNG.runSuites(TestNG.java:1066)
	at org.testng.TestNG.run(TestNG.java:1034)
	at org.testng.remote.AbstractRemoteTestNG.run(AbstractRemoteTestNG.java:115)
	at org.testng.remote.RemoteTestNG.initAndRun(RemoteTestNG.java:251)
	at org.testng.remote.RemoteTestNG.main(RemoteTestNG.java:77)

</div> <!-- stack-trace -->
                </div> <!-- method-content -->
              </div> <!-- method -->
              <div class="method">
                <div class="method-content">
                  <a name="confirm_gifts_SWSGD">
                  </a> <!-- confirm_gifts_SWSGD -->
                  <span class="method-name">confirm_gifts_SWSGD</span>
                  <div class="stack-trace">java.lang.AssertionError: expected [000] but found [T03]
	at org.testng.Assert.fail(Assert.java:97)
	at org.testng.Assert.assertEqualsImpl(Assert.java:136)
	at org.testng.Assert.assertEquals(Assert.java:118)
	at org.testng.Assert.assertEquals(Assert.java:575)
	at org.testng.Assert.assertEquals(Assert.java:585)
	at Execute.Execute_cases.confirm_gifts_SWSGD(Execute_cases.java:567)
	at java.base/jdk.internal.reflect.NativeMethodAccessorImpl.invoke0(Native Method)
	at java.base/jdk.internal.reflect.NativeMethodAccessorImpl.invoke(NativeMethodAccessorImpl.java:62)
	at java.base/jdk.internal.reflect.DelegatingMethodAccessorImpl.invoke(DelegatingMethodAccessorImpl.java:43)
	at java.base/java.lang.reflect.Method.invoke(Method.java:564)
	at org.testng.internal.MethodInvocationHelper.invokeMethod(MethodInvocationHelper.java:135)
	at org.testng.internal.TestInvoker.invokeMethod(TestInvoker.java:598)
	at org.testng.internal.TestInvoker.invokeTestMethod(TestInvoker.java:174)
	at org.testng.internal.MethodRunner.runInSequence(MethodRunner.java:46)
	at org.testng.internal.TestInvoker$MethodInvocationAgent.invoke(TestInvoker.java:821)
	at org.testng.internal.TestInvoker.invokeTestMethods(TestInvoker.java:147)
	at org.testng.internal.TestMethodWorker.invokeTestMethods(TestMethodWorker.java:146)
	at org.testng.internal.TestMethodWorker.run(TestMethodWorker.java:128)
	at java.base/java.util.ArrayList.forEach(ArrayList.java:1510)
	at org.testng.TestRunner.privateRun(TestRunner.java:767)
	at org.testng.TestRunner.run(TestRunner.java:588)
	at org.testng.SuiteRunner.runTest(SuiteRunner.java:384)
	at org.testng.SuiteRunner.runSequentially(SuiteRunner.java:378)
	at org.testng.SuiteRunner.privateRun(SuiteRunner.java:337)
	at org.testng.SuiteRunner.run(SuiteRunner.java:286)
	at org.testng.SuiteRunnerWorker.runSuite(SuiteRunnerWorker.java:53)
	at org.testng.SuiteRunnerWorker.run(SuiteRunnerWorker.java:96)
	at org.testng.TestNG.runSuitesSequentially(TestNG.java:1214)
	at org.testng.TestNG.runSuitesLocally(TestNG.java:1136)
	at org.testng.TestNG.runSuites(TestNG.java:1066)
	at org.testng.TestNG.run(TestNG.java:1034)
	at org.testng.remote.AbstractRemoteTestNG.run(AbstractRemoteTestNG.java:115)
	at org.testng.remote.RemoteTestNG.initAndRun(RemoteTestNG.java:251)
	at org.testng.remote.RemoteTestNG.main(RemoteTestNG.java:77)

</div> <!-- stack-trace -->
                </div> <!-- method-content -->
              </div> <!-- method -->
              <div class="method">
                <div class="method-content">
                  <a name="confirm_gifts_iTunes">
                  </a> <!-- confirm_gifts_iTunes -->
                  <span class="method-name">confirm_gifts_iTunes</span>
                  <div class="stack-trace">java.lang.AssertionError: expected [000] but found [T03]
	at org.testng.Assert.fail(Assert.java:97)
	at org.testng.Assert.assertEqualsImpl(Assert.java:136)
	at org.testng.Assert.assertEquals(Assert.java:118)
	at org.testng.Assert.assertEquals(Assert.java:575)
	at org.testng.Assert.assertEquals(Assert.java:585)
	at Execute.Execute_cases.confirm_gifts_iTunes(Execute_cases.java:581)
	at java.base/jdk.internal.reflect.NativeMethodAccessorImpl.invoke0(Native Method)
	at java.base/jdk.internal.reflect.NativeMethodAccessorImpl.invoke(NativeMethodAccessorImpl.java:62)
	at java.base/jdk.internal.reflect.DelegatingMethodAccessorImpl.invoke(DelegatingMethodAccessorImpl.java:43)
	at java.base/java.lang.reflect.Method.invoke(Method.java:564)
	at org.testng.internal.MethodInvocationHelper.invokeMethod(MethodInvocationHelper.java:135)
	at org.testng.internal.TestInvoker.invokeMethod(TestInvoker.java:598)
	at org.testng.internal.TestInvoker.invokeTestMethod(TestInvoker.java:174)
	at org.testng.internal.MethodRunner.runInSequence(MethodRunner.java:46)
	at org.testng.internal.TestInvoker$MethodInvocationAgent.invoke(TestInvoker.java:821)
	at org.testng.internal.TestInvoker.invokeTestMethods(TestInvoker.java:147)
	at org.testng.internal.TestMethodWorker.invokeTestMethods(TestMethodWorker.java:146)
	at org.testng.internal.TestMethodWorker.run(TestMethodWorker.java:128)
	at java.base/java.util.ArrayList.forEach(ArrayList.java:1510)
	at org.testng.TestRunner.privateRun(TestRunner.java:767)
	at org.testng.TestRunner.run(TestRunner.java:588)
	at org.testng.SuiteRunner.runTest(SuiteRunner.java:384)
	at org.testng.SuiteRunner.runSequentially(SuiteRunner.java:378)
	at org.testng.SuiteRunner.privateRun(SuiteRunner.java:337)
	at org.testng.SuiteRunner.run(SuiteRunner.java:286)
	at org.testng.SuiteRunnerWorker.runSuite(SuiteRunnerWorker.java:53)
	at org.testng.SuiteRunnerWorker.run(SuiteRunnerWorker.java:96)
	at org.testng.TestNG.runSuitesSequentially(TestNG.java:1214)
	at org.testng.TestNG.runSuitesLocally(TestNG.java:1136)
	at org.testng.TestNG.runSuites(TestNG.java:1066)
	at org.testng.TestNG.run(TestNG.java:1034)
	at org.testng.remote.AbstractRemoteTestNG.run(AbstractRemoteTestNG.java:115)
	at org.testng.remote.RemoteTestNG.initAndRun(RemoteTestNG.java:251)
	at org.testng.remote.RemoteTestNG.main(RemoteTestNG.java:77)

</div> <!-- stack-trace -->
                </div> <!-- method-content -->
              </div> <!-- method -->
              <div class="method">
                <div class="method-content">
                  <a name="confirm_gifts_viberOut">
                  </a> <!-- confirm_gifts_viberOut -->
                  <span class="method-name">confirm_gifts_viberOut</span>
                  <div class="stack-trace">java.lang.AssertionError: expected [000] but found [T03]
	at org.testng.Assert.fail(Assert.java:97)
	at org.testng.Assert.assertEqualsImpl(Assert.java:136)
	at org.testng.Assert.assertEquals(Assert.java:118)
	at org.testng.Assert.assertEquals(Assert.java:575)
	at org.testng.Assert.assertEquals(Assert.java:585)
	at Execute.Execute_cases.confirm_gifts_viberOut(Execute_cases.java:595)
	at java.base/jdk.internal.reflect.NativeMethodAccessorImpl.invoke0(Native Method)
	at java.base/jdk.internal.reflect.NativeMethodAccessorImpl.invoke(NativeMethodAccessorImpl.java:62)
	at java.base/jdk.internal.reflect.DelegatingMethodAccessorImpl.invoke(DelegatingMethodAccessorImpl.java:43)
	at java.base/java.lang.reflect.Method.invoke(Method.java:564)
	at org.testng.internal.MethodInvocationHelper.invokeMethod(MethodInvocationHelper.java:135)
	at org.testng.internal.TestInvoker.invokeMethod(TestInvoker.java:598)
	at org.testng.internal.TestInvoker.invokeTestMethod(TestInvoker.java:174)
	at org.testng.internal.MethodRunner.runInSequence(MethodRunner.java:46)
	at org.testng.internal.TestInvoker$MethodInvocationAgent.invoke(TestInvoker.java:821)
	at org.testng.internal.TestInvoker.invokeTestMethods(TestInvoker.java:147)
	at org.testng.internal.TestMethodWorker.invokeTestMethods(TestMethodWorker.java:146)
	at org.testng.internal.TestMethodWorker.run(TestMethodWorker.java:128)
	at java.base/java.util.ArrayList.forEach(ArrayList.java:1510)
	at org.testng.TestRunner.privateRun(TestRunner.java:767)
	at org.testng.TestRunner.run(TestRunner.java:588)
	at org.testng.SuiteRunner.runTest(SuiteRunner.java:384)
	at org.testng.SuiteRunner.runSequentially(SuiteRunner.java:378)
	at org.testng.SuiteRunner.privateRun(SuiteRunner.java:337)
	at org.testng.SuiteRunner.run(SuiteRunner.java:286)
	at org.testng.SuiteRunnerWorker.runSuite(SuiteRunnerWorker.java:53)
	at org.testng.SuiteRunnerWorker.run(SuiteRunnerWorker.java:96)
	at org.testng.TestNG.runSuitesSequentially(TestNG.java:1214)
	at org.testng.TestNG.runSuitesLocally(TestNG.java:1136)
	at org.testng.TestNG.runSuites(TestNG.java:1066)
	at org.testng.TestNG.run(TestNG.java:1034)
	at org.testng.remote.AbstractRemoteTestNG.run(AbstractRemoteTestNG.java:115)
	at org.testng.remote.RemoteTestNG.initAndRun(RemoteTestNG.java:251)
	at org.testng.remote.RemoteTestNG.main(RemoteTestNG.java:77)

</div> <!-- stack-trace -->
                </div> <!-- method-content -->
              </div> <!-- method -->
              <div class="method">
                <div class="method-content">
                  <a name="eLoad_Confirm_MPTDataPack">
                  </a> <!-- eLoad_Confirm_MPTDataPack -->
                  <span class="method-name">eLoad_Confirm_MPTDataPack</span>
                  <div class="stack-trace">java.lang.AssertionError: expected [000] but found [T03]
	at org.testng.Assert.fail(Assert.java:97)
	at org.testng.Assert.assertEqualsImpl(Assert.java:136)
	at org.testng.Assert.assertEquals(Assert.java:118)
	at org.testng.Assert.assertEquals(Assert.java:575)
	at org.testng.Assert.assertEquals(Assert.java:585)
	at Execute.Execute_cases.eLoad_Confirm_MPTDataPack(Execute_cases.java:525)
	at java.base/jdk.internal.reflect.NativeMethodAccessorImpl.invoke0(Native Method)
	at java.base/jdk.internal.reflect.NativeMethodAccessorImpl.invoke(NativeMethodAccessorImpl.java:62)
	at java.base/jdk.internal.reflect.DelegatingMethodAccessorImpl.invoke(DelegatingMethodAccessorImpl.java:43)
	at java.base/java.lang.reflect.Method.invoke(Method.java:564)
	at org.testng.internal.MethodInvocationHelper.invokeMethod(MethodInvocationHelper.java:135)
	at org.testng.internal.TestInvoker.invokeMethod(TestInvoker.java:598)
	at org.testng.internal.TestInvoker.invokeTestMethod(TestInvoker.java:174)
	at org.testng.internal.MethodRunner.runInSequence(MethodRunner.java:46)
	at org.testng.internal.TestInvoker$MethodInvocationAgent.invoke(TestInvoker.java:821)
	at org.testng.internal.TestInvoker.invokeTestMethods(TestInvoker.java:147)
	at org.testng.internal.TestMethodWorker.invokeTestMethods(TestMethodWorker.java:146)
	at org.testng.internal.TestMethodWorker.run(TestMethodWorker.java:128)
	at java.base/java.util.ArrayList.forEach(ArrayList.java:1510)
	at org.testng.TestRunner.privateRun(TestRunner.java:767)
	at org.testng.TestRunner.run(TestRunner.java:588)
	at org.testng.SuiteRunner.runTest(SuiteRunner.java:384)
	at org.testng.SuiteRunner.runSequentially(SuiteRunner.java:378)
	at org.testng.SuiteRunner.privateRun(SuiteRunner.java:337)
	at org.testng.SuiteRunner.run(SuiteRunner.java:286)
	at org.testng.SuiteRunnerWorker.runSuite(SuiteRunnerWorker.java:53)
	at org.testng.SuiteRunnerWorker.run(SuiteRunnerWorker.java:96)
	at org.testng.TestNG.runSuitesSequentially(TestNG.java:1214)
	at org.testng.TestNG.runSuitesLocally(TestNG.java:1136)
	at org.testng.TestNG.runSuites(TestNG.java:1066)
	at org.testng.TestNG.run(TestNG.java:1034)
	at org.testng.remote.AbstractRemoteTestNG.run(AbstractRemoteTestNG.java:115)
	at org.testng.remote.RemoteTestNG.initAndRun(RemoteTestNG.java:251)
	at org.testng.remote.RemoteTestNG.main(RemoteTestNG.java:77)

</div> <!-- stack-trace -->
                </div> <!-- method-content -->
              </div> <!-- method -->
              <div class="method">
                <div class="method-content">
                  <a name="eLoad_Confirm_MPTeLoad">
                  </a> <!-- eLoad_Confirm_MPTeLoad -->
                  <span class="method-name">eLoad_Confirm_MPTeLoad</span>
                  <div class="stack-trace">java.lang.AssertionError: expected [000] but found [T03]
	at org.testng.Assert.fail(Assert.java:97)
	at org.testng.Assert.assertEqualsImpl(Assert.java:136)
	at org.testng.Assert.assertEquals(Assert.java:118)
	at org.testng.Assert.assertEquals(Assert.java:575)
	at org.testng.Assert.assertEquals(Assert.java:585)
	at Execute.Execute_cases.eLoad_Confirm_MPTeLoad(Execute_cases.java:483)
	at java.base/jdk.internal.reflect.NativeMethodAccessorImpl.invoke0(Native Method)
	at java.base/jdk.internal.reflect.NativeMethodAccessorImpl.invoke(NativeMethodAccessorImpl.java:62)
	at java.base/jdk.internal.reflect.DelegatingMethodAccessorImpl.invoke(DelegatingMethodAccessorImpl.java:43)
	at java.base/java.lang.reflect.Method.invoke(Method.java:564)
	at org.testng.internal.MethodInvocationHelper.invokeMethod(MethodInvocationHelper.java:135)
	at org.testng.internal.TestInvoker.invokeMethod(TestInvoker.java:598)
	at org.testng.internal.TestInvoker.invokeTestMethod(TestInvoker.java:174)
	at org.testng.internal.MethodRunner.runInSequence(MethodRunner.java:46)
	at org.testng.internal.TestInvoker$MethodInvocationAgent.invoke(TestInvoker.java:821)
	at org.testng.internal.TestInvoker.invokeTestMethods(TestInvoker.java:147)
	at org.testng.internal.TestMethodWorker.invokeTestMethods(TestMethodWorker.java:146)
	at org.testng.internal.TestMethodWorker.run(TestMethodWorker.java:128)
	at java.base/java.util.ArrayList.forEach(ArrayList.java:1510)
	at org.testng.TestRunner.privateRun(TestRunner.java:767)
	at org.testng.TestRunner.run(TestRunner.java:588)
	at org.testng.SuiteRunner.runTest(SuiteRunner.java:384)
	at org.testng.SuiteRunner.runSequentially(SuiteRunner.java:378)
	at org.testng.SuiteRunner.privateRun(SuiteRunner.java:337)
	at org.testng.SuiteRunner.run(SuiteRunner.java:286)
	at org.testng.SuiteRunnerWorker.runSuite(SuiteRunnerWorker.java:53)
	at org.testng.SuiteRunnerWorker.run(SuiteRunnerWorker.java:96)
	at org.testng.TestNG.runSuitesSequentially(TestNG.java:1214)
	at org.testng.TestNG.runSuitesLocally(TestNG.java:1136)
	at org.testng.TestNG.runSuites(TestNG.java:1066)
	at org.testng.TestNG.run(TestNG.java:1034)
	at org.testng.remote.AbstractRemoteTestNG.run(AbstractRemoteTestNG.java:115)
	at org.testng.remote.RemoteTestNG.initAndRun(RemoteTestNG.java:251)
	at org.testng.remote.RemoteTestNG.main(RemoteTestNG.java:77)

</div> <!-- stack-trace -->
                </div> <!-- method-content -->
              </div> <!-- method -->
              <div class="method">
                <div class="method-content">
                  <a name="eLoad_Confirm_MyTelDataPack">
                  </a> <!-- eLoad_Confirm_MyTelDataPack -->
                  <span class="method-name">eLoad_Confirm_MyTelDataPack</span>
                  <div class="stack-trace">java.lang.AssertionError: expected [000] but found [E08]
	at org.testng.Assert.fail(Assert.java:97)
	at org.testng.Assert.assertEqualsImpl(Assert.java:136)
	at org.testng.Assert.assertEquals(Assert.java:118)
	at org.testng.Assert.assertEquals(Assert.java:575)
	at org.testng.Assert.assertEquals(Assert.java:585)
	at Execute.Execute_cases.eLoad_Confirm_MyTelDataPack(Execute_cases.java:553)
	at java.base/jdk.internal.reflect.NativeMethodAccessorImpl.invoke0(Native Method)
	at java.base/jdk.internal.reflect.NativeMethodAccessorImpl.invoke(NativeMethodAccessorImpl.java:62)
	at java.base/jdk.internal.reflect.DelegatingMethodAccessorImpl.invoke(DelegatingMethodAccessorImpl.java:43)
	at java.base/java.lang.reflect.Method.invoke(Method.java:564)
	at org.testng.internal.MethodInvocationHelper.invokeMethod(MethodInvocationHelper.java:135)
	at org.testng.internal.TestInvoker.invokeMethod(TestInvoker.java:598)
	at org.testng.internal.TestInvoker.invokeTestMethod(TestInvoker.java:174)
	at org.testng.internal.MethodRunner.runInSequence(MethodRunner.java:46)
	at org.testng.internal.TestInvoker$MethodInvocationAgent.invoke(TestInvoker.java:821)
	at org.testng.internal.TestInvoker.invokeTestMethods(TestInvoker.java:147)
	at org.testng.internal.TestMethodWorker.invokeTestMethods(TestMethodWorker.java:146)
	at org.testng.internal.TestMethodWorker.run(TestMethodWorker.java:128)
	at java.base/java.util.ArrayList.forEach(ArrayList.java:1510)
	at org.testng.TestRunner.privateRun(TestRunner.java:767)
	at org.testng.TestRunner.run(TestRunner.java:588)
	at org.testng.SuiteRunner.runTest(SuiteRunner.java:384)
	at org.testng.SuiteRunner.runSequentially(SuiteRunner.java:378)
	at org.testng.SuiteRunner.privateRun(SuiteRunner.java:337)
	at org.testng.SuiteRunner.run(SuiteRunner.java:286)
	at org.testng.SuiteRunnerWorker.runSuite(SuiteRunnerWorker.java:53)
	at org.testng.SuiteRunnerWorker.run(SuiteRunnerWorker.java:96)
	at org.testng.TestNG.runSuitesSequentially(TestNG.java:1214)
	at org.testng.TestNG.runSuitesLocally(TestNG.java:1136)
	at org.testng.TestNG.runSuites(TestNG.java:1066)
	at org.testng.TestNG.run(TestNG.java:1034)
	at org.testng.remote.AbstractRemoteTestNG.run(AbstractRemoteTestNG.java:115)
	at org.testng.remote.RemoteTestNG.initAndRun(RemoteTestNG.java:251)
	at org.testng.remote.RemoteTestNG.main(RemoteTestNG.java:77)

</div> <!-- stack-trace -->
                </div> <!-- method-content -->
              </div> <!-- method -->
              <div class="method">
                <div class="method-content">
                  <a name="eLoad_Confirm_OoredooDataPack">
                  </a> <!-- eLoad_Confirm_OoredooDataPack -->
                  <span class="method-name">eLoad_Confirm_OoredooDataPack</span>
                  <div class="stack-trace">java.lang.AssertionError: expected [000] but found [T03]
	at org.testng.Assert.fail(Assert.java:97)
	at org.testng.Assert.assertEqualsImpl(Assert.java:136)
	at org.testng.Assert.assertEquals(Assert.java:118)
	at org.testng.Assert.assertEquals(Assert.java:575)
	at org.testng.Assert.assertEquals(Assert.java:585)
	at Execute.Execute_cases.eLoad_Confirm_OoredooDataPack(Execute_cases.java:539)
	at java.base/jdk.internal.reflect.NativeMethodAccessorImpl.invoke0(Native Method)
	at java.base/jdk.internal.reflect.NativeMethodAccessorImpl.invoke(NativeMethodAccessorImpl.java:62)
	at java.base/jdk.internal.reflect.DelegatingMethodAccessorImpl.invoke(DelegatingMethodAccessorImpl.java:43)
	at java.base/java.lang.reflect.Method.invoke(Method.java:564)
	at org.testng.internal.MethodInvocationHelper.invokeMethod(MethodInvocationHelper.java:135)
	at org.testng.internal.TestInvoker.invokeMethod(TestInvoker.java:598)
	at org.testng.internal.TestInvoker.invokeTestMethod(TestInvoker.java:174)
	at org.testng.internal.MethodRunner.runInSequence(MethodRunner.java:46)
	at org.testng.internal.TestInvoker$MethodInvocationAgent.invoke(TestInvoker.java:821)
	at org.testng.internal.TestInvoker.invokeTestMethods(TestInvoker.java:147)
	at org.testng.internal.TestMethodWorker.invokeTestMethods(TestMethodWorker.java:146)
	at org.testng.internal.TestMethodWorker.run(TestMethodWorker.java:128)
	at java.base/java.util.ArrayList.forEach(ArrayList.java:1510)
	at org.testng.TestRunner.privateRun(TestRunner.java:767)
	at org.testng.TestRunner.run(TestRunner.java:588)
	at org.testng.SuiteRunner.runTest(SuiteRunner.java:384)
	at org.testng.SuiteRunner.runSequentially(SuiteRunner.java:378)
	at org.testng.SuiteRunner.privateRun(SuiteRunner.java:337)
	at org.testng.SuiteRunner.run(SuiteRunner.java:286)
	at org.testng.SuiteRunnerWorker.runSuite(SuiteRunnerWorker.java:53)
	at org.testng.SuiteRunnerWorker.run(SuiteRunnerWorker.java:96)
	at org.testng.TestNG.runSuitesSequentially(TestNG.java:1214)
	at org.testng.TestNG.runSuitesLocally(TestNG.java:1136)
	at org.testng.TestNG.runSuites(TestNG.java:1066)
	at org.testng.TestNG.run(TestNG.java:1034)
	at org.testng.remote.AbstractRemoteTestNG.run(AbstractRemoteTestNG.java:115)
	at org.testng.remote.RemoteTestNG.initAndRun(RemoteTestNG.java:251)
	at org.testng.remote.RemoteTestNG.main(RemoteTestNG.java:77)

</div> <!-- stack-trace -->
                </div> <!-- method-content -->
              </div> <!-- method -->
              <div class="method">
                <div class="method-content">
                  <a name="eLoad_Confirm_TeleDataPack">
                  </a> <!-- eLoad_Confirm_TeleDataPack -->
                  <span class="method-name">eLoad_Confirm_TeleDataPack</span>
                  <div class="stack-trace">java.lang.AssertionError: expected [000] but found [T03]
	at org.testng.Assert.fail(Assert.java:97)
	at org.testng.Assert.assertEqualsImpl(Assert.java:136)
	at org.testng.Assert.assertEquals(Assert.java:118)
	at org.testng.Assert.assertEquals(Assert.java:575)
	at org.testng.Assert.assertEquals(Assert.java:585)
	at Execute.Execute_cases.eLoad_Confirm_TeleDataPack(Execute_cases.java:511)
	at java.base/jdk.internal.reflect.NativeMethodAccessorImpl.invoke0(Native Method)
	at java.base/jdk.internal.reflect.NativeMethodAccessorImpl.invoke(NativeMethodAccessorImpl.java:62)
	at java.base/jdk.internal.reflect.DelegatingMethodAccessorImpl.invoke(DelegatingMethodAccessorImpl.java:43)
	at java.base/java.lang.reflect.Method.invoke(Method.java:564)
	at org.testng.internal.MethodInvocationHelper.invokeMethod(MethodInvocationHelper.java:135)
	at org.testng.internal.TestInvoker.invokeMethod(TestInvoker.java:598)
	at org.testng.internal.TestInvoker.invokeTestMethod(TestInvoker.java:174)
	at org.testng.internal.MethodRunner.runInSequence(MethodRunner.java:46)
	at org.testng.internal.TestInvoker$MethodInvocationAgent.invoke(TestInvoker.java:821)
	at org.testng.internal.TestInvoker.invokeTestMethods(TestInvoker.java:147)
	at org.testng.internal.TestMethodWorker.invokeTestMethods(TestMethodWorker.java:146)
	at org.testng.internal.TestMethodWorker.run(TestMethodWorker.java:128)
	at java.base/java.util.ArrayList.forEach(ArrayList.java:1510)
	at org.testng.TestRunner.privateRun(TestRunner.java:767)
	at org.testng.TestRunner.run(TestRunner.java:588)
	at org.testng.SuiteRunner.runTest(SuiteRunner.java:384)
	at org.testng.SuiteRunner.runSequentially(SuiteRunner.java:378)
	at org.testng.SuiteRunner.privateRun(SuiteRunner.java:337)
	at org.testng.SuiteRunner.run(SuiteRunner.java:286)
	at org.testng.SuiteRunnerWorker.runSuite(SuiteRunnerWorker.java:53)
	at org.testng.SuiteRunnerWorker.run(SuiteRunnerWorker.java:96)
	at org.testng.TestNG.runSuitesSequentially(TestNG.java:1214)
	at org.testng.TestNG.runSuitesLocally(TestNG.java:1136)
	at org.testng.TestNG.runSuites(TestNG.java:1066)
	at org.testng.TestNG.run(TestNG.java:1034)
	at org.testng.remote.AbstractRemoteTestNG.run(AbstractRemoteTestNG.java:115)
	at org.testng.remote.RemoteTestNG.initAndRun(RemoteTestNG.java:251)
	at org.testng.remote.RemoteTestNG.main(RemoteTestNG.java:77)

</div> <!-- stack-trace -->
                </div> <!-- method-content -->
              </div> <!-- method -->
              <div class="method">
                <div class="method-content">
                  <a name="eLoad_Confirm_telenor_eload">
                  </a> <!-- eLoad_Confirm_telenor_eload -->
                  <span class="method-name">eLoad_Confirm_telenor_eload</span>
                  <div class="stack-trace">java.lang.AssertionError: expected [000] but found [T03]
	at org.testng.Assert.fail(Assert.java:97)
	at org.testng.Assert.assertEqualsImpl(Assert.java:136)
	at org.testng.Assert.assertEquals(Assert.java:118)
	at org.testng.Assert.assertEquals(Assert.java:575)
	at org.testng.Assert.assertEquals(Assert.java:585)
	at Execute.Execute_cases.eLoad_Confirm_telenor_eload(Execute_cases.java:497)
	at java.base/jdk.internal.reflect.NativeMethodAccessorImpl.invoke0(Native Method)
	at java.base/jdk.internal.reflect.NativeMethodAccessorImpl.invoke(NativeMethodAccessorImpl.java:62)
	at java.base/jdk.internal.reflect.DelegatingMethodAccessorImpl.invoke(DelegatingMethodAccessorImpl.java:43)
	at java.base/java.lang.reflect.Method.invoke(Method.java:564)
	at org.testng.internal.MethodInvocationHelper.invokeMethod(MethodInvocationHelper.java:135)
	at org.testng.internal.TestInvoker.invokeMethod(TestInvoker.java:598)
	at org.testng.internal.TestInvoker.invokeTestMethod(TestInvoker.java:174)
	at org.testng.internal.MethodRunner.runInSequence(MethodRunner.java:46)
	at org.testng.internal.TestInvoker$MethodInvocationAgent.invoke(TestInvoker.java:821)
	at org.testng.internal.TestInvoker.invokeTestMethods(TestInvoker.java:147)
	at org.testng.internal.TestMethodWorker.invokeTestMethods(TestMethodWorker.java:146)
	at org.testng.internal.TestMethodWorker.run(TestMethodWorker.java:128)
	at java.base/java.util.ArrayList.forEach(ArrayList.java:1510)
	at org.testng.TestRunner.privateRun(TestRunner.java:767)
	at org.testng.TestRunner.run(TestRunner.java:588)
	at org.testng.SuiteRunner.runTest(SuiteRunner.java:384)
	at org.testng.SuiteRunner.runSequentially(SuiteRunner.java:378)
	at org.testng.SuiteRunner.privateRun(SuiteRunner.java:337)
	at org.testng.SuiteRunner.run(SuiteRunner.java:286)
	at org.testng.SuiteRunnerWorker.runSuite(SuiteRunnerWorker.java:53)
	at org.testng.SuiteRunnerWorker.run(SuiteRunnerWorker.java:96)
	at org.testng.TestNG.runSuitesSequentially(TestNG.java:1214)
	at org.testng.TestNG.runSuitesLocally(TestNG.java:1136)
	at org.testng.TestNG.runSuites(TestNG.java:1066)
	at org.testng.TestNG.run(TestNG.java:1034)
	at org.testng.remote.AbstractRemoteTestNG.run(AbstractRemoteTestNG.java:115)
	at org.testng.remote.RemoteTestNG.initAndRun(RemoteTestNG.java:251)
	at org.testng.remote.RemoteTestNG.main(RemoteTestNG.java:77)

</div> <!-- stack-trace -->
                </div> <!-- method-content -->
              </div> <!-- method -->
              <div class="method">
                <div class="method-content">
                  <a name="get_MSEC_District">
                  </a> <!-- get_MSEC_District -->
                  <span class="method-name">get_MSEC_District</span>
                  <div class="stack-trace">java.lang.AssertionError: expected [000] but found [[null, null, null, null, null, null, null]]
	at org.testng.Assert.fail(Assert.java:97)
	at org.testng.Assert.assertEqualsImpl(Assert.java:136)
	at org.testng.Assert.assertEquals(Assert.java:118)
	at org.testng.Assert.assertEquals(Assert.java:575)
	at org.testng.Assert.assertEquals(Assert.java:585)
	at Execute.Execute_cases.get_MSEC_District(Execute_cases.java:222)
	at java.base/jdk.internal.reflect.NativeMethodAccessorImpl.invoke0(Native Method)
	at java.base/jdk.internal.reflect.NativeMethodAccessorImpl.invoke(NativeMethodAccessorImpl.java:62)
	at java.base/jdk.internal.reflect.DelegatingMethodAccessorImpl.invoke(DelegatingMethodAccessorImpl.java:43)
	at java.base/java.lang.reflect.Method.invoke(Method.java:564)
	at org.testng.internal.MethodInvocationHelper.invokeMethod(MethodInvocationHelper.java:135)
	at org.testng.internal.TestInvoker.invokeMethod(TestInvoker.java:598)
	at org.testng.internal.TestInvoker.invokeTestMethod(TestInvoker.java:174)
	at org.testng.internal.MethodRunner.runInSequence(MethodRunner.java:46)
	at org.testng.internal.TestInvoker$MethodInvocationAgent.invoke(TestInvoker.java:821)
	at org.testng.internal.TestInvoker.invokeTestMethods(TestInvoker.java:147)
	at org.testng.internal.TestMethodWorker.invokeTestMethods(TestMethodWorker.java:146)
	at org.testng.internal.TestMethodWorker.run(TestMethodWorker.java:128)
	at java.base/java.util.ArrayList.forEach(ArrayList.java:1510)
	at org.testng.TestRunner.privateRun(TestRunner.java:767)
	at org.testng.TestRunner.run(TestRunner.java:588)
	at org.testng.SuiteRunner.runTest(SuiteRunner.java:384)
	at org.testng.SuiteRunner.runSequentially(SuiteRunner.java:378)
	at org.testng.SuiteRunner.privateRun(SuiteRunner.java:337)
	at org.testng.SuiteRunner.run(SuiteRunner.java:286)
	at org.testng.SuiteRunnerWorker.runSuite(SuiteRunnerWorker.java:53)
	at org.testng.SuiteRunnerWorker.run(SuiteRunnerWorker.java:96)
	at org.testng.TestNG.runSuitesSequentially(TestNG.java:1214)
	at org.testng.TestNG.runSuitesLocally(TestNG.java:1136)
	at org.testng.TestNG.runSuites(TestNG.java:1066)
	at org.testng.TestNG.run(TestNG.java:1034)
	at org.testng.remote.AbstractRemoteTestNG.run(AbstractRemoteTestNG.java:115)
	at org.testng.remote.RemoteTestNG.initAndRun(RemoteTestNG.java:251)
	at org.testng.remote.RemoteTestNG.main(RemoteTestNG.java:77)

</div> <!-- stack-trace -->
                </div> <!-- method-content -->
              </div> <!-- method -->
              <div class="method">
                <div class="method-content">
                  <a name="movies_Confirm_CanalPlus">
                  </a> <!-- movies_Confirm_CanalPlus -->
                  <span class="method-name">movies_Confirm_CanalPlus</span>
                  <div class="stack-trace">java.lang.AssertionError: expected [000] but found [T03]
	at org.testng.Assert.fail(Assert.java:97)
	at org.testng.Assert.assertEqualsImpl(Assert.java:136)
	at org.testng.Assert.assertEquals(Assert.java:118)
	at org.testng.Assert.assertEquals(Assert.java:575)
	at org.testng.Assert.assertEquals(Assert.java:585)
	at Execute.Execute_cases.movies_Confirm_CanalPlus(Execute_cases.java:427)
	at java.base/jdk.internal.reflect.NativeMethodAccessorImpl.invoke0(Native Method)
	at java.base/jdk.internal.reflect.NativeMethodAccessorImpl.invoke(NativeMethodAccessorImpl.java:62)
	at java.base/jdk.internal.reflect.DelegatingMethodAccessorImpl.invoke(DelegatingMethodAccessorImpl.java:43)
	at java.base/java.lang.reflect.Method.invoke(Method.java:564)
	at org.testng.internal.MethodInvocationHelper.invokeMethod(MethodInvocationHelper.java:135)
	at org.testng.internal.TestInvoker.invokeMethod(TestInvoker.java:598)
	at org.testng.internal.TestInvoker.invokeTestMethod(TestInvoker.java:174)
	at org.testng.internal.MethodRunner.runInSequence(MethodRunner.java:46)
	at org.testng.internal.TestInvoker$MethodInvocationAgent.invoke(TestInvoker.java:821)
	at org.testng.internal.TestInvoker.invokeTestMethods(TestInvoker.java:147)
	at org.testng.internal.TestMethodWorker.invokeTestMethods(TestMethodWorker.java:146)
	at org.testng.internal.TestMethodWorker.run(TestMethodWorker.java:128)
	at java.base/java.util.ArrayList.forEach(ArrayList.java:1510)
	at org.testng.TestRunner.privateRun(TestRunner.java:767)
	at org.testng.TestRunner.run(TestRunner.java:588)
	at org.testng.SuiteRunner.runTest(SuiteRunner.java:384)
	at org.testng.SuiteRunner.runSequentially(SuiteRunner.java:378)
	at org.testng.SuiteRunner.privateRun(SuiteRunner.java:337)
	at org.testng.SuiteRunner.run(SuiteRunner.java:286)
	at org.testng.SuiteRunnerWorker.runSuite(SuiteRunnerWorker.java:53)
	at org.testng.SuiteRunnerWorker.run(SuiteRunnerWorker.java:96)
	at org.testng.TestNG.runSuitesSequentially(TestNG.java:1214)
	at org.testng.TestNG.runSuitesLocally(TestNG.java:1136)
	at org.testng.TestNG.runSuites(TestNG.java:1066)
	at org.testng.TestNG.run(TestNG.java:1034)
	at org.testng.remote.AbstractRemoteTestNG.run(AbstractRemoteTestNG.java:115)
	at org.testng.remote.RemoteTestNG.initAndRun(RemoteTestNG.java:251)
	at org.testng.remote.RemoteTestNG.main(RemoteTestNG.java:77)

</div> <!-- stack-trace -->
                </div> <!-- method-content -->
              </div> <!-- method -->
              <div class="method">
                <div class="method-content">
                  <a name="movies_Confirm_Vivu">
                  </a> <!-- movies_Confirm_Vivu -->
                  <span class="method-name">movies_Confirm_Vivu</span>
                  <div class="stack-trace">java.lang.AssertionError: expected [000] but found [T03]
	at org.testng.Assert.fail(Assert.java:97)
	at org.testng.Assert.assertEqualsImpl(Assert.java:136)
	at org.testng.Assert.assertEquals(Assert.java:118)
	at org.testng.Assert.assertEquals(Assert.java:575)
	at org.testng.Assert.assertEquals(Assert.java:585)
	at Execute.Execute_cases.movies_Confirm_Vivu(Execute_cases.java:441)
	at java.base/jdk.internal.reflect.NativeMethodAccessorImpl.invoke0(Native Method)
	at java.base/jdk.internal.reflect.NativeMethodAccessorImpl.invoke(NativeMethodAccessorImpl.java:62)
	at java.base/jdk.internal.reflect.DelegatingMethodAccessorImpl.invoke(DelegatingMethodAccessorImpl.java:43)
	at java.base/java.lang.reflect.Method.invoke(Method.java:564)
	at org.testng.internal.MethodInvocationHelper.invokeMethod(MethodInvocationHelper.java:135)
	at org.testng.internal.TestInvoker.invokeMethod(TestInvoker.java:598)
	at org.testng.internal.TestInvoker.invokeTestMethod(TestInvoker.java:174)
	at org.testng.internal.MethodRunner.runInSequence(MethodRunner.java:46)
	at org.testng.internal.TestInvoker$MethodInvocationAgent.invoke(TestInvoker.java:821)
	at org.testng.internal.TestInvoker.invokeTestMethods(TestInvoker.java:147)
	at org.testng.internal.TestMethodWorker.invokeTestMethods(TestMethodWorker.java:146)
	at org.testng.internal.TestMethodWorker.run(TestMethodWorker.java:128)
	at java.base/java.util.ArrayList.forEach(ArrayList.java:1510)
	at org.testng.TestRunner.privateRun(TestRunner.java:767)
	at org.testng.TestRunner.run(TestRunner.java:588)
	at org.testng.SuiteRunner.runTest(SuiteRunner.java:384)
	at org.testng.SuiteRunner.runSequentially(SuiteRunner.java:378)
	at org.testng.SuiteRunner.privateRun(SuiteRunner.java:337)
	at org.testng.SuiteRunner.run(SuiteRunner.java:286)
	at org.testng.SuiteRunnerWorker.runSuite(SuiteRunnerWorker.java:53)
	at org.testng.SuiteRunnerWorker.run(SuiteRunnerWorker.java:96)
	at org.testng.TestNG.runSuitesSequentially(TestNG.java:1214)
	at org.testng.TestNG.runSuitesLocally(TestNG.java:1136)
	at org.testng.TestNG.runSuites(TestNG.java:1066)
	at org.testng.TestNG.run(TestNG.java:1034)
	at org.testng.remote.AbstractRemoteTestNG.run(AbstractRemoteTestNG.java:115)
	at org.testng.remote.RemoteTestNG.initAndRun(RemoteTestNG.java:251)
	at org.testng.remote.RemoteTestNG.main(RemoteTestNG.java:77)

</div> <!-- stack-trace -->
                </div> <!-- method-content -->
              </div> <!-- method -->
              <div class="method">
                <div class="method-content">
                  <a name="movies_Confirm_lalakyi">
                  </a> <!-- movies_Confirm_lalakyi -->
                  <span class="method-name">movies_Confirm_lalakyi</span>
                  <div class="stack-trace">java.lang.AssertionError: expected [000] but found [E08]
	at org.testng.Assert.fail(Assert.java:97)
	at org.testng.Assert.assertEqualsImpl(Assert.java:136)
	at org.testng.Assert.assertEquals(Assert.java:118)
	at org.testng.Assert.assertEquals(Assert.java:575)
	at org.testng.Assert.assertEquals(Assert.java:585)
	at Execute.Execute_cases.movies_Confirm_lalakyi(Execute_cases.java:469)
	at java.base/jdk.internal.reflect.NativeMethodAccessorImpl.invoke0(Native Method)
	at java.base/jdk.internal.reflect.NativeMethodAccessorImpl.invoke(NativeMethodAccessorImpl.java:62)
	at java.base/jdk.internal.reflect.DelegatingMethodAccessorImpl.invoke(DelegatingMethodAccessorImpl.java:43)
	at java.base/java.lang.reflect.Method.invoke(Method.java:564)
	at org.testng.internal.MethodInvocationHelper.invokeMethod(MethodInvocationHelper.java:135)
	at org.testng.internal.TestInvoker.invokeMethod(TestInvoker.java:598)
	at org.testng.internal.TestInvoker.invokeTestMethod(TestInvoker.java:174)
	at org.testng.internal.MethodRunner.runInSequence(MethodRunner.java:46)
	at org.testng.internal.TestInvoker$MethodInvocationAgent.invoke(TestInvoker.java:821)
	at org.testng.internal.TestInvoker.invokeTestMethods(TestInvoker.java:147)
	at org.testng.internal.TestMethodWorker.invokeTestMethods(TestMethodWorker.java:146)
	at org.testng.internal.TestMethodWorker.run(TestMethodWorker.java:128)
	at java.base/java.util.ArrayList.forEach(ArrayList.java:1510)
	at org.testng.TestRunner.privateRun(TestRunner.java:767)
	at org.testng.TestRunner.run(TestRunner.java:588)
	at org.testng.SuiteRunner.runTest(SuiteRunner.java:384)
	at org.testng.SuiteRunner.runSequentially(SuiteRunner.java:378)
	at org.testng.SuiteRunner.privateRun(SuiteRunner.java:337)
	at org.testng.SuiteRunner.run(SuiteRunner.java:286)
	at org.testng.SuiteRunnerWorker.runSuite(SuiteRunnerWorker.java:53)
	at org.testng.SuiteRunnerWorker.run(SuiteRunnerWorker.java:96)
	at org.testng.TestNG.runSuitesSequentially(TestNG.java:1214)
	at org.testng.TestNG.runSuitesLocally(TestNG.java:1136)
	at org.testng.TestNG.runSuites(TestNG.java:1066)
	at org.testng.TestNG.run(TestNG.java:1034)
	at org.testng.remote.AbstractRemoteTestNG.run(AbstractRemoteTestNG.java:115)
	at org.testng.remote.RemoteTestNG.initAndRun(RemoteTestNG.java:251)
	at org.testng.remote.RemoteTestNG.main(RemoteTestNG.java:77)

</div> <!-- stack-trace -->
                </div> <!-- method-content -->
              </div> <!-- method -->
              <div class="method">
                <div class="method-content">
                  <a name="movies_Confirm_mahar">
                  </a> <!-- movies_Confirm_mahar -->
                  <span class="method-name">movies_Confirm_mahar</span>
                  <div class="stack-trace">java.lang.AssertionError: expected [000] but found [999]
	at org.testng.Assert.fail(Assert.java:97)
	at org.testng.Assert.assertEqualsImpl(Assert.java:136)
	at org.testng.Assert.assertEquals(Assert.java:118)
	at org.testng.Assert.assertEquals(Assert.java:575)
	at org.testng.Assert.assertEquals(Assert.java:585)
	at Execute.Execute_cases.movies_Confirm_mahar(Execute_cases.java:455)
	at java.base/jdk.internal.reflect.NativeMethodAccessorImpl.invoke0(Native Method)
	at java.base/jdk.internal.reflect.NativeMethodAccessorImpl.invoke(NativeMethodAccessorImpl.java:62)
	at java.base/jdk.internal.reflect.DelegatingMethodAccessorImpl.invoke(DelegatingMethodAccessorImpl.java:43)
	at java.base/java.lang.reflect.Method.invoke(Method.java:564)
	at org.testng.internal.MethodInvocationHelper.invokeMethod(MethodInvocationHelper.java:135)
	at org.testng.internal.TestInvoker.invokeMethod(TestInvoker.java:598)
	at org.testng.internal.TestInvoker.invokeTestMethod(TestInvoker.java:174)
	at org.testng.internal.MethodRunner.runInSequence(MethodRunner.java:46)
	at org.testng.internal.TestInvoker$MethodInvocationAgent.invoke(TestInvoker.java:821)
	at org.testng.internal.TestInvoker.invokeTestMethods(TestInvoker.java:147)
	at org.testng.internal.TestMethodWorker.invokeTestMethods(TestMethodWorker.java:146)
	at org.testng.internal.TestMethodWorker.run(TestMethodWorker.java:128)
	at java.base/java.util.ArrayList.forEach(ArrayList.java:1510)
	at org.testng.TestRunner.privateRun(TestRunner.java:767)
	at org.testng.TestRunner.run(TestRunner.java:588)
	at org.testng.SuiteRunner.runTest(SuiteRunner.java:384)
	at org.testng.SuiteRunner.runSequentially(SuiteRunner.java:378)
	at org.testng.SuiteRunner.privateRun(SuiteRunner.java:337)
	at org.testng.SuiteRunner.run(SuiteRunner.java:286)
	at org.testng.SuiteRunnerWorker.runSuite(SuiteRunnerWorker.java:53)
	at org.testng.SuiteRunnerWorker.run(SuiteRunnerWorker.java:96)
	at org.testng.TestNG.runSuitesSequentially(TestNG.java:1214)
	at org.testng.TestNG.runSuitesLocally(TestNG.java:1136)
	at org.testng.TestNG.runSuites(TestNG.java:1066)
	at org.testng.TestNG.run(TestNG.java:1034)
	at org.testng.remote.AbstractRemoteTestNG.run(AbstractRemoteTestNG.java:115)
	at org.testng.remote.RemoteTestNG.initAndRun(RemoteTestNG.java:251)
	at org.testng.remote.RemoteTestNG.main(RemoteTestNG.java:77)

</div> <!-- stack-trace -->
                </div> <!-- method-content -->
              </div> <!-- method -->
              <div class="method">
                <div class="method-content">
                  <a name="movies_enq_mahar">
                  </a> <!-- movies_enq_mahar -->
                  <span class="method-name">movies_enq_mahar</span>
                  <div class="stack-trace">java.lang.AssertionError: expected [000] but found [08]
	at org.testng.Assert.fail(Assert.java:97)
	at org.testng.Assert.assertEqualsImpl(Assert.java:136)
	at org.testng.Assert.assertEquals(Assert.java:118)
	at org.testng.Assert.assertEquals(Assert.java:575)
	at org.testng.Assert.assertEquals(Assert.java:585)
	at Execute.Execute_cases.movies_enq_mahar(Execute_cases.java:448)
	at java.base/jdk.internal.reflect.NativeMethodAccessorImpl.invoke0(Native Method)
	at java.base/jdk.internal.reflect.NativeMethodAccessorImpl.invoke(NativeMethodAccessorImpl.java:62)
	at java.base/jdk.internal.reflect.DelegatingMethodAccessorImpl.invoke(DelegatingMethodAccessorImpl.java:43)
	at java.base/java.lang.reflect.Method.invoke(Method.java:564)
	at org.testng.internal.MethodInvocationHelper.invokeMethod(MethodInvocationHelper.java:135)
	at org.testng.internal.TestInvoker.invokeMethod(TestInvoker.java:598)
	at org.testng.internal.TestInvoker.invokeTestMethod(TestInvoker.java:174)
	at org.testng.internal.MethodRunner.runInSequence(MethodRunner.java:46)
	at org.testng.internal.TestInvoker$MethodInvocationAgent.invoke(TestInvoker.java:821)
	at org.testng.internal.TestInvoker.invokeTestMethods(TestInvoker.java:147)
	at org.testng.internal.TestMethodWorker.invokeTestMethods(TestMethodWorker.java:146)
	at org.testng.internal.TestMethodWorker.run(TestMethodWorker.java:128)
	at java.base/java.util.ArrayList.forEach(ArrayList.java:1510)
	at org.testng.TestRunner.privateRun(TestRunner.java:767)
	at org.testng.TestRunner.run(TestRunner.java:588)
	at org.testng.SuiteRunner.runTest(SuiteRunner.java:384)
	at org.testng.SuiteRunner.runSequentially(SuiteRunner.java:378)
	at org.testng.SuiteRunner.privateRun(SuiteRunner.java:337)
	at org.testng.SuiteRunner.run(SuiteRunner.java:286)
	at org.testng.SuiteRunnerWorker.runSuite(SuiteRunnerWorker.java:53)
	at org.testng.SuiteRunnerWorker.run(SuiteRunnerWorker.java:96)
	at org.testng.TestNG.runSuitesSequentially(TestNG.java:1214)
	at org.testng.TestNG.runSuitesLocally(TestNG.java:1136)
	at org.testng.TestNG.runSuites(TestNG.java:1066)
	at org.testng.TestNG.run(TestNG.java:1034)
	at org.testng.remote.AbstractRemoteTestNG.run(AbstractRemoteTestNG.java:115)
	at org.testng.remote.RemoteTestNG.initAndRun(RemoteTestNG.java:251)
	at org.testng.remote.RemoteTestNG.main(RemoteTestNG.java:77)

</div> <!-- stack-trace -->
                </div> <!-- method-content -->
              </div> <!-- method -->
              <div class="method">
                <div class="method-content">
                  <a name="reload_123">
                  </a> <!-- reload_123 -->
                  <span class="method-name">reload_123</span>
                  <div class="stack-trace">java.lang.AssertionError: expected [0] but found [1351908]
	at org.testng.Assert.fail(Assert.java:97)
	at org.testng.Assert.assertEqualsImpl(Assert.java:136)
	at org.testng.Assert.assertEquals(Assert.java:118)
	at org.testng.Assert.assertEquals(Assert.java:839)
	at org.testng.Assert.assertEquals(Assert.java:849)
	at Execute.Execute_cases.reload_123(Execute_cases.java:110)
	at java.base/jdk.internal.reflect.NativeMethodAccessorImpl.invoke0(Native Method)
	at java.base/jdk.internal.reflect.NativeMethodAccessorImpl.invoke(NativeMethodAccessorImpl.java:62)
	at java.base/jdk.internal.reflect.DelegatingMethodAccessorImpl.invoke(DelegatingMethodAccessorImpl.java:43)
	at java.base/java.lang.reflect.Method.invoke(Method.java:564)
	at org.testng.internal.MethodInvocationHelper.invokeMethod(MethodInvocationHelper.java:135)
	at org.testng.internal.TestInvoker.invokeMethod(TestInvoker.java:598)
	at org.testng.internal.TestInvoker.invokeTestMethod(TestInvoker.java:174)
	at org.testng.internal.MethodRunner.runInSequence(MethodRunner.java:46)
	at org.testng.internal.TestInvoker$MethodInvocationAgent.invoke(TestInvoker.java:821)
	at org.testng.internal.TestInvoker.invokeTestMethods(TestInvoker.java:147)
	at org.testng.internal.TestMethodWorker.invokeTestMethods(TestMethodWorker.java:146)
	at org.testng.internal.TestMethodWorker.run(TestMethodWorker.java:128)
	at java.base/java.util.ArrayList.forEach(ArrayList.java:1510)
	at org.testng.TestRunner.privateRun(TestRunner.java:767)
	at org.testng.TestRunner.run(TestRunner.java:588)
	at org.testng.SuiteRunner.runTest(SuiteRunner.java:384)
	at org.testng.SuiteRunner.runSequentially(SuiteRunner.java:378)
	at org.testng.SuiteRunner.privateRun(SuiteRunner.java:337)
	at org.testng.SuiteRunner.run(SuiteRunner.java:286)
	at org.testng.SuiteRunnerWorker.runSuite(SuiteRunnerWorker.java:53)
	at org.testng.SuiteRunnerWorker.run(SuiteRunnerWorker.java:96)
	at org.testng.TestNG.runSuitesSequentially(TestNG.java:1214)
	at org.testng.TestNG.runSuitesLocally(TestNG.java:1136)
	at org.testng.TestNG.runSuites(TestNG.java:1066)
	at org.testng.TestNG.run(TestNG.java:1034)
	at org.testng.remote.AbstractRemoteTestNG.run(AbstractRemoteTestNG.java:115)
	at org.testng.remote.RemoteTestNG.initAndRun(RemoteTestNG.java:251)
	at org.testng.remote.RemoteTestNG.main(RemoteTestNG.java:77)

</div> <!-- stack-trace -->
                </div> <!-- method-content -->
              </div> <!-- method -->
              <div class="method">
                <div class="method-content">
                  <a name="txn_search_History">
                  </a> <!-- txn_search_History -->
                  <span class="method-name">txn_search_History</span>
                  <div class="stack-trace">java.lang.AssertionError: expected [000] but found [E08]
	at org.testng.Assert.fail(Assert.java:97)
	at org.testng.Assert.assertEqualsImpl(Assert.java:136)
	at org.testng.Assert.assertEquals(Assert.java:118)
	at org.testng.Assert.assertEquals(Assert.java:575)
	at org.testng.Assert.assertEquals(Assert.java:585)
	at Execute.Execute_cases.txn_search_History(Execute_cases.java:246)
	at java.base/jdk.internal.reflect.NativeMethodAccessorImpl.invoke0(Native Method)
	at java.base/jdk.internal.reflect.NativeMethodAccessorImpl.invoke(NativeMethodAccessorImpl.java:62)
	at java.base/jdk.internal.reflect.DelegatingMethodAccessorImpl.invoke(DelegatingMethodAccessorImpl.java:43)
	at java.base/java.lang.reflect.Method.invoke(Method.java:564)
	at org.testng.internal.MethodInvocationHelper.invokeMethod(MethodInvocationHelper.java:135)
	at org.testng.internal.TestInvoker.invokeMethod(TestInvoker.java:598)
	at org.testng.internal.TestInvoker.invokeTestMethod(TestInvoker.java:174)
	at org.testng.internal.MethodRunner.runInSequence(MethodRunner.java:46)
	at org.testng.internal.TestInvoker$MethodInvocationAgent.invoke(TestInvoker.java:821)
	at org.testng.internal.TestInvoker.invokeTestMethods(TestInvoker.java:147)
	at org.testng.internal.TestMethodWorker.invokeTestMethods(TestMethodWorker.java:146)
	at org.testng.internal.TestMethodWorker.run(TestMethodWorker.java:128)
	at java.base/java.util.ArrayList.forEach(ArrayList.java:1510)
	at org.testng.TestRunner.privateRun(TestRunner.java:767)
	at org.testng.TestRunner.run(TestRunner.java:588)
	at org.testng.SuiteRunner.runTest(SuiteRunner.java:384)
	at org.testng.SuiteRunner.runSequentially(SuiteRunner.java:378)
	at org.testng.SuiteRunner.privateRun(SuiteRunner.java:337)
	at org.testng.SuiteRunner.run(SuiteRunner.java:286)
	at org.testng.SuiteRunnerWorker.runSuite(SuiteRunnerWorker.java:53)
	at org.testng.SuiteRunnerWorker.run(SuiteRunnerWorker.java:96)
	at org.testng.TestNG.runSuitesSequentially(TestNG.java:1214)
	at org.testng.TestNG.runSuitesLocally(TestNG.java:1136)
	at org.testng.TestNG.runSuites(TestNG.java:1066)
	at org.testng.TestNG.run(TestNG.java:1034)
	at org.testng.remote.AbstractRemoteTestNG.run(AbstractRemoteTestNG.java:115)
	at org.testng.remote.RemoteTestNG.initAndRun(RemoteTestNG.java:251)
	at org.testng.remote.RemoteTestNG.main(RemoteTestNG.java:77)

</div> <!-- stack-trace -->
                </div> <!-- method-content -->
              </div> <!-- method -->
            </div> <!-- main-panel-content rounded-window-bottom -->
          </div> <!-- suite-Default_suite-class-failed -->
          <div class="suite-Default_suite-class-passed">
            <div class="main-panel-header rounded-window-top">
              <img src="passed.png"/>
              <span class="class-name">Execute.Execute_cases</span>
            </div> <!-- main-panel-header rounded-window-top -->
            <div class="main-panel-content rounded-window-bottom">
              <div class="method">
                <div class="method-content">
                  <a name="Authentication">
                  </a> <!-- Authentication -->
                  <span class="method-name">Authentication</span>
                </div> <!-- method-content -->
              </div> <!-- method -->
              <div class="method">
                <div class="method-content">
                  <a name="DB">
                  </a> <!-- DB -->
                  <span class="method-name">DB</span>
                </div> <!-- method-content -->
              </div> <!-- method -->
              <div class="method">
                <div class="method-content">
                  <a name="POST_OTP">
                  </a> <!-- POST_OTP -->
                  <span class="method-name">POST_OTP</span>
                </div> <!-- method-content -->
              </div> <!-- method -->
              <div class="method">
                <div class="method-content">
                  <a name="POST_OTP_Request">
                  </a> <!-- POST_OTP_Request -->
                  <span class="method-name">POST_OTP_Request</span>
                </div> <!-- method-content -->
              </div> <!-- method -->
              <div class="method">
                <div class="method-content">
                  <a name="add_Address">
                  </a> <!-- add_Address -->
                  <span class="method-name">add_Address</span>
                </div> <!-- method-content -->
              </div> <!-- method -->
              <div class="method">
                <div class="method-content">
                  <a name="create_RTP">
                  </a> <!-- create_RTP -->
                  <span class="method-name">create_RTP</span>
                </div> <!-- method-content -->
              </div> <!-- method -->
              <div class="method">
                <div class="method-content">
                  <a name="delete_Address">
                  </a> <!-- delete_Address -->
                  <span class="method-name">delete_Address</span>
                </div> <!-- method-content -->
              </div> <!-- method -->
              <div class="method">
                <div class="method-content">
                  <a name="donate_List">
                  </a> <!-- donate_List -->
                  <span class="method-name">donate_List</span>
                </div> <!-- method-content -->
              </div> <!-- method -->
              <div class="method">
                <div class="method-content">
                  <a name="eload_enq_MPTDataPack">
                  </a> <!-- eload_enq_MPTDataPack -->
                  <span class="method-name">eload_enq_MPTDataPack</span>
                </div> <!-- method-content -->
              </div> <!-- method -->
              <div class="method">
                <div class="method-content">
                  <a name="eload_enq_MPTeLoad">
                  </a> <!-- eload_enq_MPTeLoad -->
                  <span class="method-name">eload_enq_MPTeLoad</span>
                </div> <!-- method-content -->
              </div> <!-- method -->
              <div class="method">
                <div class="method-content">
                  <a name="eload_enq_MyTelDataPack">
                  </a> <!-- eload_enq_MyTelDataPack -->
                  <span class="method-name">eload_enq_MyTelDataPack</span>
                </div> <!-- method-content -->
              </div> <!-- method -->
              <div class="method">
                <div class="method-content">
                  <a name="eload_enq_OoredooDataPack">
                  </a> <!-- eload_enq_OoredooDataPack -->
                  <span class="method-name">eload_enq_OoredooDataPack</span>
                </div> <!-- method-content -->
              </div> <!-- method -->
              <div class="method">
                <div class="method-content">
                  <a name="eload_enq_TeleDataPack">
                  </a> <!-- eload_enq_TeleDataPack -->
                  <span class="method-name">eload_enq_TeleDataPack</span>
                </div> <!-- method-content -->
              </div> <!-- method -->
              <div class="method">
                <div class="method-content">
                  <a name="eload_enq_telenor_eload">
                  </a> <!-- eload_enq_telenor_eload -->
                  <span class="method-name">eload_enq_telenor_eload</span>
                </div> <!-- method-content -->
              </div> <!-- method -->
              <div class="method">
                <div class="method-content">
                  <a name="enq_HIWIFI_W0_Mobile">
                  </a> <!-- enq_HIWIFI_W0_Mobile -->
                  <span class="method-name">enq_HIWIFI_W0_Mobile</span>
                </div> <!-- method-content -->
              </div> <!-- method -->
              <div class="method">
                <div class="method-content">
                  <a name="enq_HiWiFi">
                  </a> <!-- enq_HiWiFi -->
                  <span class="method-name">enq_HiWiFi</span>
                </div> <!-- method-content -->
              </div> <!-- method -->
              <div class="method">
                <div class="method-content">
                  <a name="enq_MyanmarNetAWaThone">
                  </a> <!-- enq_MyanmarNetAWaThone -->
                  <span class="method-name">enq_MyanmarNetAWaThone</span>
                </div> <!-- method-content -->
              </div> <!-- method -->
              <div class="method">
                <div class="method-content">
                  <a name="enq_MyanmarNetPrepaid">
                  </a> <!-- enq_MyanmarNetPrepaid -->
                  <span class="method-name">enq_MyanmarNetPrepaid</span>
                </div> <!-- method-content -->
              </div> <!-- method -->
              <div class="method">
                <div class="method-content">
                  <a name="enq_TelenorDataPack">
                  </a> <!-- enq_TelenorDataPack -->
                  <span class="method-name">enq_TelenorDataPack</span>
                </div> <!-- method-content -->
              </div> <!-- method -->
              <div class="method">
                <div class="method-content">
                  <a name="enq_gifts_SWSGD">
                  </a> <!-- enq_gifts_SWSGD -->
                  <span class="method-name">enq_gifts_SWSGD</span>
                </div> <!-- method-content -->
              </div> <!-- method -->
              <div class="method">
                <div class="method-content">
                  <a name="enq_gifts_iTunes">
                  </a> <!-- enq_gifts_iTunes -->
                  <span class="method-name">enq_gifts_iTunes</span>
                </div> <!-- method-content -->
              </div> <!-- method -->
              <div class="method">
                <div class="method-content">
                  <a name="enq_gifts_viberOut">
                  </a> <!-- enq_gifts_viberOut -->
                  <span class="method-name">enq_gifts_viberOut</span>
                </div> <!-- method-content -->
              </div> <!-- method -->
              <div class="method">
                <div class="method-content">
                  <a name="enq_telenor_Fiber">
                  </a> <!-- enq_telenor_Fiber -->
                  <span class="method-name">enq_telenor_Fiber</span>
                </div> <!-- method-content -->
              </div> <!-- method -->
              <div class="method">
                <div class="method-content">
                  <a name="enq_telenor_Wireless">
                  </a> <!-- enq_telenor_Wireless -->
                  <span class="method-name">enq_telenor_Wireless</span>
                </div> <!-- method-content -->
              </div> <!-- method -->
              <div class="method">
                <div class="method-content">
                  <a name="enquiry_Fees">
                  </a> <!-- enquiry_Fees -->
                  <span class="method-name">enquiry_Fees</span>
                </div> <!-- method-content -->
              </div> <!-- method -->
              <div class="method">
                <div class="method-content">
                  <a name="generated_Random_MNO">
                  </a> <!-- generated_Random_MNO -->
                  <span class="method-name">generated_Random_MNO</span>
                </div> <!-- method-content -->
              </div> <!-- method -->
              <div class="method">
                <div class="method-content">
                  <a name="get_Address_Detail">
                  </a> <!-- get_Address_Detail -->
                  <span class="method-name">get_Address_Detail</span>
                </div> <!-- method-content -->
              </div> <!-- method -->
              <div class="method">
                <div class="method-content">
                  <a name="get_Address_List">
                  </a> <!-- get_Address_List -->
                  <span class="method-name">get_Address_List</span>
                </div> <!-- method-content -->
              </div> <!-- method -->
              <div class="method">
                <div class="method-content">
                  <a name="get_Greeting_Message">
                  </a> <!-- get_Greeting_Message -->
                  <span class="method-name">get_Greeting_Message</span>
                </div> <!-- method-content -->
              </div> <!-- method -->
              <div class="method">
                <div class="method-content">
                  <a name="get_Internet_list">
                  </a> <!-- get_Internet_list -->
                  <span class="method-name">get_Internet_list</span>
                </div> <!-- method-content -->
              </div> <!-- method -->
              <div class="method">
                <div class="method-content">
                  <a name="get_MSG_Detail">
                  </a> <!-- get_MSG_Detail -->
                  <span class="method-name">get_MSG_Detail</span>
                </div> <!-- method-content -->
              </div> <!-- method -->
              <div class="method">
                <div class="method-content">
                  <a name="get_Marketing_msg_List">
                  </a> <!-- get_Marketing_msg_List -->
                  <span class="method-name">get_Marketing_msg_List</span>
                </div> <!-- method-content -->
              </div> <!-- method -->
              <div class="method">
                <div class="method-content">
                  <a name="get_Meters">
                  </a> <!-- get_Meters -->
                  <span class="method-name">get_Meters</span>
                </div> <!-- method-content -->
              </div> <!-- method -->
              <div class="method">
                <div class="method-content">
                  <a name="get_Monthly_details">
                  </a> <!-- get_Monthly_details -->
                  <span class="method-name">get_Monthly_details</span>
                </div> <!-- method-content -->
              </div> <!-- method -->
              <div class="method">
                <div class="method-content">
                  <a name="get_Unread_MSG_Count">
                  </a> <!-- get_Unread_MSG_Count -->
                  <span class="method-name">get_Unread_MSG_Count</span>
                </div> <!-- method-content -->
              </div> <!-- method -->
              <div class="method">
                <div class="method-content">
                  <a name="goods_By_Merchant_ID">
                  </a> <!-- goods_By_Merchant_ID -->
                  <span class="method-name">goods_By_Merchant_ID</span>
                </div> <!-- method-content -->
              </div> <!-- method -->
              <div class="method">
                <div class="method-content">
                  <a name="goods_Merchant_Category">
                  </a> <!-- goods_Merchant_Category -->
                  <span class="method-name">goods_Merchant_Category</span>
                </div> <!-- method-content -->
              </div> <!-- method -->
              <div class="method">
                <div class="method-content">
                  <a name="inquiry">
                  </a> <!-- inquiry -->
                  <span class="method-name">inquiry</span>
                </div> <!-- method-content -->
              </div> <!-- method -->
              <div class="method">
                <div class="method-content">
                  <a name="login">
                  </a> <!-- login -->
                  <span class="method-name">login</span>
                </div> <!-- method-content -->
              </div> <!-- method -->
              <div class="method">
                <div class="method-content">
                  <a name="movies_enq_CanalPlus">
                  </a> <!-- movies_enq_CanalPlus -->
                  <span class="method-name">movies_enq_CanalPlus</span>
                </div> <!-- method-content -->
              </div> <!-- method -->
              <div class="method">
                <div class="method-content">
                  <a name="movies_enq_Lalakyi">
                  </a> <!-- movies_enq_Lalakyi -->
                  <span class="method-name">movies_enq_Lalakyi</span>
                </div> <!-- method-content -->
              </div> <!-- method -->
              <div class="method">
                <div class="method-content">
                  <a name="movies_enq_vivu">
                  </a> <!-- movies_enq_vivu -->
                  <span class="method-name">movies_enq_vivu</span>
                </div> <!-- method-content -->
              </div> <!-- method -->
              <div class="method">
                <div class="method-content">
                  <a name="my_Workbench">
                  </a> <!-- my_Workbench -->
                  <span class="method-name">my_Workbench</span>
                </div> <!-- method-content -->
              </div> <!-- method -->
              <div class="method">
                <div class="method-content">
                  <a name="patch_Update_Nickname">
                  </a> <!-- patch_Update_Nickname -->
                  <span class="method-name">patch_Update_Nickname</span>
                </div> <!-- method-content -->
              </div> <!-- method -->
              <div class="method">
                <div class="method-content">
                  <a name="pay_RTP">
                  </a> <!-- pay_RTP -->
                  <span class="method-name">pay_RTP</span>
                </div> <!-- method-content -->
              </div> <!-- method -->
              <div class="method">
                <div class="method-content">
                  <a name="reg_Passport">
                  </a> <!-- reg_Passport -->
                  <span class="method-name">reg_Passport</span>
                </div> <!-- method-content -->
              </div> <!-- method -->
              <div class="method">
                <div class="method-content">
                  <a name="reload_1234">
                  </a> <!-- reload_1234 -->
                  <span class="method-name">reload_1234</span>
                </div> <!-- method-content -->
              </div> <!-- method -->
              <div class="method">
                <div class="method-content">
                  <a name="reload_MPU">
                  </a> <!-- reload_MPU -->
                  <span class="method-name">reload_MPU</span>
                </div> <!-- method-content -->
              </div> <!-- method -->
              <div class="method">
                <div class="method-content">
                  <a name="reload_Wavepay">
                  </a> <!-- reload_Wavepay -->
                  <span class="method-name">reload_Wavepay</span>
                </div> <!-- method-content -->
              </div> <!-- method -->
              <div class="method">
                <div class="method-content">
                  <a name="set_Pass">
                  </a> <!-- set_Pass -->
                  <span class="method-name">set_Pass</span>
                </div> <!-- method-content -->
              </div> <!-- method -->
              <div class="method">
                <div class="method-content">
                  <a name="set_Primary_Address">
                  </a> <!-- set_Primary_Address -->
                  <span class="method-name">set_Primary_Address</span>
                </div> <!-- method-content -->
              </div> <!-- method -->
              <div class="method">
                <div class="method-content">
                  <a name="transfer">
                  </a> <!-- transfer -->
                  <span class="method-name">transfer</span>
                </div> <!-- method-content -->
              </div> <!-- method -->
              <div class="method">
                <div class="method-content">
                  <a name="transfer_Lookup">
                  </a> <!-- transfer_Lookup -->
                  <span class="method-name">transfer_Lookup</span>
                </div> <!-- method-content -->
              </div> <!-- method -->
              <div class="method">
                <div class="method-content">
                  <a name="update_Address">
                  </a> <!-- update_Address -->
                  <span class="method-name">update_Address</span>
                </div> <!-- method-content -->
              </div> <!-- method -->
              <div class="method">
                <div class="method-content">
                  <a name="user_Details">
                  </a> <!-- user_Details -->
                  <span class="method-name">user_Details</span>
                </div> <!-- method-content -->
              </div> <!-- method -->
              <div class="method">
                <div class="method-content">
                  <a name="user_Donate_List">
                  </a> <!-- user_Donate_List -->
                  <span class="method-name">user_Donate_List</span>
                </div> <!-- method-content -->
              </div> <!-- method -->
            </div> <!-- main-panel-content rounded-window-bottom -->
          </div> <!-- suite-Default_suite-class-passed -->
        </div> <!-- panel Default_suite -->
        <div panel-name="test-xml-Default_suite" class="panel">
          <div class="main-panel-header rounded-window-top">
            <span class="header-content">C:\Users\admin\AppData\Local\Temp\testng-eclipse--136959589\testng-customsuite.xml</span>
          </div> <!-- main-panel-header rounded-window-top -->
          <div class="main-panel-content rounded-window-bottom">
            <pre>
&lt;?xml version=&quot;1.0&quot; encoding=&quot;UTF-8&quot;?&gt;
&lt;!DOCTYPE suite SYSTEM &quot;https://testng.org/testng-1.0.dtd&quot;&gt;
&lt;suite name=&quot;Default suite&quot; guice-stage=&quot;DEVELOPMENT&quot;&gt;
  &lt;test thread-count=&quot;5&quot; name=&quot;Default test&quot; verbose=&quot;2&quot;&gt;
    &lt;classes&gt;
      &lt;class name=&quot;Execute.Execute_cases&quot;/&gt;
    &lt;/classes&gt;
  &lt;/test&gt; &lt;!-- Default test --&gt;
&lt;/suite&gt; &lt;!-- Default suite --&gt;
            </pre>
          </div> <!-- main-panel-content rounded-window-bottom -->
        </div> <!-- panel -->
        <div panel-name="testlist-Default_suite" class="panel">
          <div class="main-panel-header rounded-window-top">
            <span class="header-content">Tests for Default suite</span>
          </div> <!-- main-panel-header rounded-window-top -->
          <div class="main-panel-content rounded-window-bottom">
            <ul>
              <li>
                <span class="test-name">Default test (1 class)</span>
              </li>
            </ul>
          </div> <!-- main-panel-content rounded-window-bottom -->
        </div> <!-- panel -->
        <div panel-name="group-Default_suite" class="panel">
          <div class="main-panel-header rounded-window-top">
            <span class="header-content">Groups for Default suite</span>
          </div> <!-- main-panel-header rounded-window-top -->
          <div class="main-panel-content rounded-window-bottom">
          </div> <!-- main-panel-content rounded-window-bottom -->
        </div> <!-- panel -->
        <div panel-name="times-Default_suite" class="panel">
          <div class="main-panel-header rounded-window-top">
            <span class="header-content">Times for Default suite</span>
          </div> <!-- main-panel-header rounded-window-top -->
          <div class="main-panel-content rounded-window-bottom">
            <div class="times-div">
              <script type="text/javascript">
suiteTableInitFunctions.push('tableData_Default_suite');
function tableData_Default_suite() {
var data = new google.visualization.DataTable();
data.addColumn('number', 'Number');
data.addColumn('string', 'Method');
data.addColumn('string', 'Class');
data.addColumn('number', 'Time (ms)');
data.addRows(80);
data.setCell(0, 0, 0)
data.setCell(0, 1, 'Authentication')
data.setCell(0, 2, 'Execute.Execute_cases')
data.setCell(0, 3, 7553);
data.setCell(1, 0, 1)
data.setCell(1, 1, 'my_Workbench')
data.setCell(1, 2, 'Execute.Execute_cases')
data.setCell(1, 3, 5662);
data.setCell(2, 0, 2)
data.setCell(2, 1, 'enq_gifts_iTunes')
data.setCell(2, 2, 'Execute.Execute_cases')
data.setCell(2, 3, 5043);
data.setCell(3, 0, 3)
data.setCell(3, 1, 'get_Monthly_details')
data.setCell(3, 2, 'Execute.Execute_cases')
data.setCell(3, 3, 1476);
data.setCell(4, 0, 4)
data.setCell(4, 1, 'transfer')
data.setCell(4, 2, 'Execute.Execute_cases')
data.setCell(4, 3, 1458);
data.setCell(5, 0, 5)
data.setCell(5, 1, 'login')
data.setCell(5, 2, 'Execute.Execute_cases')
data.setCell(5, 3, 1455);
data.setCell(6, 0, 6)
data.setCell(6, 1, 'reload_MPU')
data.setCell(6, 2, 'Execute.Execute_cases')
data.setCell(6, 3, 1432);
data.setCell(7, 0, 7)
data.setCell(7, 1, 'reload_Wavepay')
data.setCell(7, 2, 'Execute.Execute_cases')
data.setCell(7, 3, 1411);
data.setCell(8, 0, 8)
data.setCell(8, 1, 'reload_123')
data.setCell(8, 2, 'Execute.Execute_cases')
data.setCell(8, 3, 1356);
data.setCell(9, 0, 9)
data.setCell(9, 1, 'confirm_HiWiFi')
data.setCell(9, 2, 'Execute.Execute_cases')
data.setCell(9, 3, 1282);
data.setCell(10, 0, 10)
data.setCell(10, 1, 'user_Details')
data.setCell(10, 2, 'Execute.Execute_cases')
data.setCell(10, 3, 1270);
data.setCell(11, 0, 11)
data.setCell(11, 1, 'confirm_MyanmarNetPrepaid')
data.setCell(11, 2, 'Execute.Execute_cases')
data.setCell(11, 3, 1170);
data.setCell(12, 0, 12)
data.setCell(12, 1, 'confirm_TeleData')
data.setCell(12, 2, 'Execute.Execute_cases')
data.setCell(12, 3, 1142);
data.setCell(13, 0, 13)
data.setCell(13, 1, 'confirm_MyanmarNetAWaThone')
data.setCell(13, 2, 'Execute.Execute_cases')
data.setCell(13, 3, 1086);
data.setCell(14, 0, 14)
data.setCell(14, 1, 'movies_enq_Lalakyi')
data.setCell(14, 2, 'Execute.Execute_cases')
data.setCell(14, 3, 1081);
data.setCell(15, 0, 15)
data.setCell(15, 1, 'eLoad_Confirm_MPTDataPack')
data.setCell(15, 2, 'Execute.Execute_cases')
data.setCell(15, 3, 1064);
data.setCell(16, 0, 16)
data.setCell(16, 1, 'confirm_HiWiFi_mobile')
data.setCell(16, 2, 'Execute.Execute_cases')
data.setCell(16, 3, 1042);
data.setCell(17, 0, 17)
data.setCell(17, 1, 'movies_Confirm_CanalPlus')
data.setCell(17, 2, 'Execute.Execute_cases')
data.setCell(17, 3, 1026);
data.setCell(18, 0, 18)
data.setCell(18, 1, 'confirm_Telenor_Wireless')
data.setCell(18, 2, 'Execute.Execute_cases')
data.setCell(18, 3, 1023);
data.setCell(19, 0, 19)
data.setCell(19, 1, 'eLoad_Confirm_telenor_eload')
data.setCell(19, 2, 'Execute.Execute_cases')
data.setCell(19, 3, 998);
data.setCell(20, 0, 20)
data.setCell(20, 1, 'eLoad_Confirm_OoredooDataPack')
data.setCell(20, 2, 'Execute.Execute_cases')
data.setCell(20, 3, 946);
data.setCell(21, 0, 21)
data.setCell(21, 1, 'confirm_gifts_SWSGD')
data.setCell(21, 2, 'Execute.Execute_cases')
data.setCell(21, 3, 934);
data.setCell(22, 0, 22)
data.setCell(22, 1, 'movies_Confirm_Vivu')
data.setCell(22, 2, 'Execute.Execute_cases')
data.setCell(22, 3, 922);
data.setCell(23, 0, 23)
data.setCell(23, 1, 'eLoad_Confirm_MPTeLoad')
data.setCell(23, 2, 'Execute.Execute_cases')
data.setCell(23, 3, 891);
data.setCell(24, 0, 24)
data.setCell(24, 1, 'confirm_Telenor_Fiber')
data.setCell(24, 2, 'Execute.Execute_cases')
data.setCell(24, 3, 875);
data.setCell(25, 0, 25)
data.setCell(25, 1, 'confirm_gifts_iTunes')
data.setCell(25, 2, 'Execute.Execute_cases')
data.setCell(25, 3, 859);
data.setCell(26, 0, 26)
data.setCell(26, 1, 'txn_search_History')
data.setCell(26, 2, 'Execute.Execute_cases')
data.setCell(26, 3, 838);
data.setCell(27, 0, 27)
data.setCell(27, 1, 'eLoad_Confirm_TeleDataPack')
data.setCell(27, 2, 'Execute.Execute_cases')
data.setCell(27, 3, 820);
data.setCell(28, 0, 28)
data.setCell(28, 1, 'confirm_gifts_viberOut')
data.setCell(28, 2, 'Execute.Execute_cases')
data.setCell(28, 3, 774);
data.setCell(29, 0, 29)
data.setCell(29, 1, 'get_Marketing_msg_List')
data.setCell(29, 2, 'Execute.Execute_cases')
data.setCell(29, 3, 684);
data.setCell(30, 0, 30)
data.setCell(30, 1, 'get_Meters')
data.setCell(30, 2, 'Execute.Execute_cases')
data.setCell(30, 3, 664);
data.setCell(31, 0, 31)
data.setCell(31, 1, 'enq_HIWIFI_W0_Mobile')
data.setCell(31, 2, 'Execute.Execute_cases')
data.setCell(31, 3, 570);
data.setCell(32, 0, 32)
data.setCell(32, 1, 'patch_Update_Nickname')
data.setCell(32, 2, 'Execute.Execute_cases')
data.setCell(32, 3, 531);
data.setCell(33, 0, 33)
data.setCell(33, 1, 'goods_By_Merchant_ID')
data.setCell(33, 2, 'Execute.Execute_cases')
data.setCell(33, 3, 484);
data.setCell(34, 0, 34)
data.setCell(34, 1, 'get_Internet_list')
data.setCell(34, 2, 'Execute.Execute_cases')
data.setCell(34, 3, 455);
data.setCell(35, 0, 35)
data.setCell(35, 1, 'enq_TelenorDataPack')
data.setCell(35, 2, 'Execute.Execute_cases')
data.setCell(35, 3, 455);
data.setCell(36, 0, 36)
data.setCell(36, 1, 'enq_HiWiFi')
data.setCell(36, 2, 'Execute.Execute_cases')
data.setCell(36, 3, 448);
data.setCell(37, 0, 37)
data.setCell(37, 1, 'transfer_Lookup')
data.setCell(37, 2, 'Execute.Execute_cases')
data.setCell(37, 3, 447);
data.setCell(38, 0, 38)
data.setCell(38, 1, 'eload_enq_telenor_eload')
data.setCell(38, 2, 'Execute.Execute_cases')
data.setCell(38, 3, 447);
data.setCell(39, 0, 39)
data.setCell(39, 1, 'enq_MyanmarNetAWaThone')
data.setCell(39, 2, 'Execute.Execute_cases')
data.setCell(39, 3, 425);
data.setCell(40, 0, 40)
data.setCell(40, 1, 'eload_enq_MPTeLoad')
data.setCell(40, 2, 'Execute.Execute_cases')
data.setCell(40, 3, 425);
data.setCell(41, 0, 41)
data.setCell(41, 1, 'enq_MyanmarNetPrepaid')
data.setCell(41, 2, 'Execute.Execute_cases')
data.setCell(41, 3, 419);
data.setCell(42, 0, 42)
data.setCell(42, 1, 'eload_enq_MyTelDataPack')
data.setCell(42, 2, 'Execute.Execute_cases')
data.setCell(42, 3, 419);
data.setCell(43, 0, 43)
data.setCell(43, 1, 'eload_enq_TeleDataPack')
data.setCell(43, 2, 'Execute.Execute_cases')
data.setCell(43, 3, 418);
data.setCell(44, 0, 44)
data.setCell(44, 1, 'movies_enq_CanalPlus')
data.setCell(44, 2, 'Execute.Execute_cases')
data.setCell(44, 3, 414);
data.setCell(45, 0, 45)
data.setCell(45, 1, 'get_MSG_Detail')
data.setCell(45, 2, 'Execute.Execute_cases')
data.setCell(45, 3, 412);
data.setCell(46, 0, 46)
data.setCell(46, 1, 'enq_telenor_Wireless')
data.setCell(46, 2, 'Execute.Execute_cases')
data.setCell(46, 3, 398);
data.setCell(47, 0, 47)
data.setCell(47, 1, 'movies_enq_mahar')
data.setCell(47, 2, 'Execute.Execute_cases')
data.setCell(47, 3, 394);
data.setCell(48, 0, 48)
data.setCell(48, 1, 'eload_enq_MPTDataPack')
data.setCell(48, 2, 'Execute.Execute_cases')
data.setCell(48, 3, 393);
data.setCell(49, 0, 49)
data.setCell(49, 1, 'movies_enq_vivu')
data.setCell(49, 2, 'Execute.Execute_cases')
data.setCell(49, 3, 392);
data.setCell(50, 0, 50)
data.setCell(50, 1, 'enq_gifts_SWSGD')
data.setCell(50, 2, 'Execute.Execute_cases')
data.setCell(50, 3, 390);
data.setCell(51, 0, 51)
data.setCell(51, 1, 'goods_Merchant_Category')
data.setCell(51, 2, 'Execute.Execute_cases')
data.setCell(51, 3, 386);
data.setCell(52, 0, 52)
data.setCell(52, 1, 'enq_gifts_viberOut')
data.setCell(52, 2, 'Execute.Execute_cases')
data.setCell(52, 3, 380);
data.setCell(53, 0, 53)
data.setCell(53, 1, 'create_RTP')
data.setCell(53, 2, 'Execute.Execute_cases')
data.setCell(53, 3, 378);
data.setCell(54, 0, 54)
data.setCell(54, 1, 'donate_List')
data.setCell(54, 2, 'Execute.Execute_cases')
data.setCell(54, 3, 377);
data.setCell(55, 0, 55)
data.setCell(55, 1, 'get_Greeting_Message')
data.setCell(55, 2, 'Execute.Execute_cases')
data.setCell(55, 3, 375);
data.setCell(56, 0, 56)
data.setCell(56, 1, 'get_Address_List')
data.setCell(56, 2, 'Execute.Execute_cases')
data.setCell(56, 3, 374);
data.setCell(57, 0, 57)
data.setCell(57, 1, 'enq_telenor_Fiber')
data.setCell(57, 2, 'Execute.Execute_cases')
data.setCell(57, 3, 373);
data.setCell(58, 0, 58)
data.setCell(58, 1, 'get_MSEC_District')
data.setCell(58, 2, 'Execute.Execute_cases')
data.setCell(58, 3, 370);
data.setCell(59, 0, 59)
data.setCell(59, 1, 'eload_enq_OoredooDataPack')
data.setCell(59, 2, 'Execute.Execute_cases')
data.setCell(59, 3, 369);
data.setCell(60, 0, 60)
data.setCell(60, 1, 'enquiry_Fees')
data.setCell(60, 2, 'Execute.Execute_cases')
data.setCell(60, 3, 368);
data.setCell(61, 0, 61)
data.setCell(61, 1, 'add_Address')
data.setCell(61, 2, 'Execute.Execute_cases')
data.setCell(61, 3, 364);
data.setCell(62, 0, 62)
data.setCell(62, 1, 'get_Address_Detail')
data.setCell(62, 2, 'Execute.Execute_cases')
data.setCell(62, 3, 359);
data.setCell(63, 0, 63)
data.setCell(63, 1, 'pay_RTP')
data.setCell(63, 2, 'Execute.Execute_cases')
data.setCell(63, 3, 356);
data.setCell(64, 0, 64)
data.setCell(64, 1, 'get_Unread_MSG_Count')
data.setCell(64, 2, 'Execute.Execute_cases')
data.setCell(64, 3, 353);
data.setCell(65, 0, 65)
data.setCell(65, 1, 'movies_Confirm_mahar')
data.setCell(65, 2, 'Execute.Execute_cases')
data.setCell(65, 3, 353);
data.setCell(66, 0, 66)
data.setCell(66, 1, 'delete_Address')
data.setCell(66, 2, 'Execute.Execute_cases')
data.setCell(66, 3, 347);
data.setCell(67, 0, 67)
data.setCell(67, 1, 'movies_Confirm_lalakyi')
data.setCell(67, 2, 'Execute.Execute_cases')
data.setCell(67, 3, 345);
data.setCell(68, 0, 68)
data.setCell(68, 1, 'user_Donate_List')
data.setCell(68, 2, 'Execute.Execute_cases')
data.setCell(68, 3, 344);
data.setCell(69, 0, 69)
data.setCell(69, 1, 'set_Primary_Address')
data.setCell(69, 2, 'Execute.Execute_cases')
data.setCell(69, 3, 342);
data.setCell(70, 0, 70)
data.setCell(70, 1, 'update_Address')
data.setCell(70, 2, 'Execute.Execute_cases')
data.setCell(70, 3, 324);
data.setCell(71, 0, 71)
data.setCell(71, 1, 'eLoad_Confirm_MyTelDataPack')
data.setCell(71, 2, 'Execute.Execute_cases')
data.setCell(71, 3, 314);
data.setCell(72, 0, 72)
data.setCell(72, 1, 'inquiry')
data.setCell(72, 2, 'Execute.Execute_cases')
data.setCell(72, 3, 22);
data.setCell(73, 0, 73)
data.setCell(73, 1, 'generated_Random_MNO')
data.setCell(73, 2, 'Execute.Execute_cases')
data.setCell(73, 3, 15);
data.setCell(74, 0, 74)
data.setCell(74, 1, 'reg_Passport')
data.setCell(74, 2, 'Execute.Execute_cases')
data.setCell(74, 3, 9);
data.setCell(75, 0, 75)
data.setCell(75, 1, 'POST_OTP_Request')
data.setCell(75, 2, 'Execute.Execute_cases')
data.setCell(75, 3, 7);
data.setCell(76, 0, 76)
data.setCell(76, 1, 'POST_OTP')
data.setCell(76, 2, 'Execute.Execute_cases')
data.setCell(76, 3, 4);
data.setCell(77, 0, 77)
data.setCell(77, 1, 'DB')
data.setCell(77, 2, 'Execute.Execute_cases')
data.setCell(77, 3, 4);
data.setCell(78, 0, 78)
data.setCell(78, 1, 'set_Pass')
data.setCell(78, 2, 'Execute.Execute_cases')
data.setCell(78, 3, 2);
data.setCell(79, 0, 79)
data.setCell(79, 1, 'reload_1234')
data.setCell(79, 2, 'Execute.Execute_cases')
data.setCell(79, 3, 1);
window.suiteTableData['Default_suite']= { tableData: data, tableDiv: 'times-div-Default_suite'}
return data;
}
              </script>
              <span class="suite-total-time">Total running time: 1 minutes</span>
              <div id="times-div-Default_suite">
              </div> <!-- times-div-Default_suite -->
            </div> <!-- times-div -->
          </div> <!-- main-panel-content rounded-window-bottom -->
        </div> <!-- panel -->
        <div panel-name="reporter-Default_suite" class="panel">
          <div class="main-panel-header rounded-window-top">
            <span class="header-content">Reporter output for Default suite</span>
          </div> <!-- main-panel-header rounded-window-top -->
          <div class="main-panel-content rounded-window-bottom">
          </div> <!-- main-panel-content rounded-window-bottom -->
        </div> <!-- panel -->
        <div panel-name="ignored-methods-Default_suite" class="panel">
          <div class="main-panel-header rounded-window-top">
            <span class="header-content">0 ignored methods</span>
          </div> <!-- main-panel-header rounded-window-top -->
          <div class="main-panel-content rounded-window-bottom">
          </div> <!-- main-panel-content rounded-window-bottom -->
        </div> <!-- panel -->
        <div panel-name="chronological-Default_suite" class="panel">
          <div class="main-panel-header rounded-window-top">
            <span class="header-content">Methods in chronological order</span>
          </div> <!-- main-panel-header rounded-window-top -->
          <div class="main-panel-content rounded-window-bottom">
            <div class="chronological-class">
              <div class="chronological-class-name">Execute.Execute_cases</div> <!-- chronological-class-name -->
              <div class="configuration-suite before">
                <span class="method-name">setupTest</span>
                <span class="method-start">0 ms</span>
              </div> <!-- configuration-suite before -->
              <div class="test-method">
                <span class="method-name">generated_Random_MNO</span>
                <span class="method-start">425 ms</span>
              </div> <!-- test-method -->
              <div class="configuration-method after">
                <span class="method-name">tearDown([TestResult name=generated_Random_MNO status=SUCCESS method=Execute_cases.generated_Random_MNO()[pri...)</span>
                <span class="method-start">449 ms</span>
              </div> <!-- configuration-method after -->
              <div class="test-method">
                <span class="method-name">Authentication</span>
                <span class="method-start">998 ms</span>
              </div> <!-- test-method -->
              <div class="configuration-method after">
                <span class="method-name">tearDown([TestResult name=Authentication status=SUCCESS method=Execute_cases.Authentication()[pri:2, instance...)</span>
                <span class="method-start">8564 ms</span>
              </div> <!-- configuration-method after -->
              <div class="test-method">
                <span class="method-name">POST_OTP_Request</span>
                <span class="method-start">8781 ms</span>
              </div> <!-- test-method -->
              <div class="configuration-method after">
                <span class="method-name">tearDown([TestResult name=POST_OTP_Request status=SUCCESS method=Execute_cases.POST_OTP_Request()[pri:3, inst...)</span>
                <span class="method-start">8794 ms</span>
              </div> <!-- configuration-method after -->
              <div class="test-method">
                <span class="method-name">DB</span>
                <span class="method-start">8905 ms</span>
              </div> <!-- test-method -->
              <div class="configuration-method after">
                <span class="method-name">tearDown([TestResult name=DB status=SUCCESS method=Execute_cases.DB()[pri:4, instance:Execute.Execute_cases@3...)</span>
                <span class="method-start">8914 ms</span>
              </div> <!-- configuration-method after -->
              <div class="test-method">
                <span class="method-name">POST_OTP</span>
                <span class="method-start">9079 ms</span>
              </div> <!-- test-method -->
              <div class="configuration-method after">
                <span class="method-name">tearDown([TestResult name=POST_OTP status=SUCCESS method=Execute_cases.POST_OTP()[pri:5, instance:Execute.Exe...)</span>
                <span class="method-start">9091 ms</span>
              </div> <!-- configuration-method after -->
              <div class="test-method">
                <span class="method-name">reg_Passport</span>
                <span class="method-start">9183 ms</span>
              </div> <!-- test-method -->
              <div class="configuration-method after">
                <span class="method-name">tearDown([TestResult name=reg_Passport status=SUCCESS method=Execute_cases.reg_Passport()[pri:6, instance:Exe...)</span>
                <span class="method-start">9197 ms</span>
              </div> <!-- configuration-method after -->
              <div class="test-method">
                <span class="method-name">set_Pass</span>
                <span class="method-start">9327 ms</span>
              </div> <!-- test-method -->
              <div class="configuration-method after">
                <span class="method-name">tearDown([TestResult name=set_Pass status=SUCCESS method=Execute_cases.set_Pass()[pri:7, instance:Execute.Exe...)</span>
                <span class="method-start">9336 ms</span>
              </div> <!-- configuration-method after -->
              <div class="test-method">
                <span class="method-name">login</span>
                <span class="method-start">9604 ms</span>
              </div> <!-- test-method -->
              <div class="configuration-method after">
                <span class="method-name">tearDown([TestResult name=login status=SUCCESS method=Execute_cases.login()[pri:8, instance:Execute.Execute_c...)</span>
                <span class="method-start">11067 ms</span>
              </div> <!-- configuration-method after -->
              <div class="test-method">
                <img src="failed.png">
                </img>
                <span class="method-name">reload_123</span>
                <span class="method-start">11170 ms</span>
              </div> <!-- test-method -->
              <div class="configuration-method after">
                <span class="method-name">tearDown([TestResult name=reload_123 status=FAILURE method=Execute_cases.reload_123()[pri:9, instance:Execute...)</span>
                <span class="method-start">12556 ms</span>
              </div> <!-- configuration-method after -->
              <div class="test-method">
                <span class="method-name">reload_MPU</span>
                <span class="method-start">12674 ms</span>
              </div> <!-- test-method -->
              <div class="configuration-method after">
                <span class="method-name">tearDown([TestResult name=reload_MPU status=SUCCESS method=Execute_cases.reload_MPU()[pri:10, instance:Execut...)</span>
                <span class="method-start">14108 ms</span>
              </div> <!-- configuration-method after -->
              <div class="test-method">
                <span class="method-name">reload_Wavepay</span>
                <span class="method-start">14175 ms</span>
              </div> <!-- test-method -->
              <div class="configuration-method after">
                <span class="method-name">tearDown([TestResult name=reload_Wavepay status=SUCCESS method=Execute_cases.reload_Wavepay()[pri:11, instanc...)</span>
                <span class="method-start">15590 ms</span>
              </div> <!-- configuration-method after -->
              <div class="test-method">
                <span class="method-name">get_Marketing_msg_List</span>
                <span class="method-start">15832 ms</span>
              </div> <!-- test-method -->
              <div class="configuration-method after">
                <span class="method-name">tearDown([TestResult name=get_Marketing_msg_List status=SUCCESS method=Execute_cases.get_Marketing_msg_List()...)</span>
                <span class="method-start">16520 ms</span>
              </div> <!-- configuration-method after -->
              <div class="test-method">
                <span class="method-name">get_MSG_Detail</span>
                <span class="method-start">16650 ms</span>
              </div> <!-- test-method -->
              <div class="configuration-method after">
                <span class="method-name">tearDown([TestResult name=get_MSG_Detail status=SUCCESS method=Execute_cases.get_MSG_Detail()[pri:13, instanc...)</span>
                <span class="method-start">17064 ms</span>
              </div> <!-- configuration-method after -->
              <div class="test-method">
                <span class="method-name">get_Unread_MSG_Count</span>
                <span class="method-start">17200 ms</span>
              </div> <!-- test-method -->
              <div class="configuration-method after">
                <span class="method-name">tearDown([TestResult name=get_Unread_MSG_Count status=SUCCESS method=Execute_cases.get_Unread_MSG_Count()[pri...)</span>
                <span class="method-start">17555 ms</span>
              </div> <!-- configuration-method after -->
              <div class="test-method">
                <span class="method-name">transfer</span>
                <span class="method-start">17641 ms</span>
              </div> <!-- test-method -->
              <div class="configuration-method after">
                <span class="method-name">tearDown([TestResult name=transfer status=SUCCESS method=Execute_cases.transfer()[pri:15, instance:Execute.Ex...)</span>
                <span class="method-start">19104 ms</span>
              </div> <!-- configuration-method after -->
              <div class="test-method">
                <span class="method-name">transfer_Lookup</span>
                <span class="method-start">19167 ms</span>
              </div> <!-- test-method -->
              <div class="configuration-method after">
                <span class="method-name">tearDown([TestResult name=transfer_Lookup status=SUCCESS method=Execute_cases.transfer_Lookup()[pri:16, insta...)</span>
                <span class="method-start">19618 ms</span>
              </div> <!-- configuration-method after -->
              <div class="test-method">
                <span class="method-name">donate_List</span>
                <span class="method-start">19685 ms</span>
              </div> <!-- test-method -->
              <div class="configuration-method after">
                <span class="method-name">tearDown([TestResult name=donate_List status=SUCCESS method=Execute_cases.donate_List()[pri:17, instance:Exec...)</span>
                <span class="method-start">20066 ms</span>
              </div> <!-- configuration-method after -->
              <div class="test-method">
                <span class="method-name">goods_Merchant_Category</span>
                <span class="method-start">20137 ms</span>
              </div> <!-- test-method -->
              <div class="configuration-method after">
                <span class="method-name">tearDown([TestResult name=goods_Merchant_Category status=SUCCESS method=Execute_cases.goods_Merchant_Category...)</span>
                <span class="method-start">20531 ms</span>
              </div> <!-- configuration-method after -->
              <div class="test-method">
                <span class="method-name">goods_By_Merchant_ID</span>
                <span class="method-start">20594 ms</span>
              </div> <!-- test-method -->
              <div class="configuration-method after">
                <span class="method-name">tearDown([TestResult name=goods_By_Merchant_ID status=SUCCESS method=Execute_cases.goods_By_Merchant_ID()[pri...)</span>
                <span class="method-start">21079 ms</span>
              </div> <!-- configuration-method after -->
              <div class="test-method">
                <span class="method-name">get_Meters</span>
                <span class="method-start">21134 ms</span>
              </div> <!-- test-method -->
              <div class="configuration-method after">
                <span class="method-name">tearDown([TestResult name=get_Meters status=SUCCESS method=Execute_cases.get_Meters()[pri:20, instance:Execut...)</span>
                <span class="method-start">21803 ms</span>
              </div> <!-- configuration-method after -->
              <div class="test-method">
                <span class="method-name">get_Monthly_details</span>
                <span class="method-start">21970 ms</span>
              </div> <!-- test-method -->
              <div class="configuration-method after">
                <span class="method-name">tearDown([TestResult name=get_Monthly_details status=SUCCESS method=Execute_cases.get_Monthly_details()[pri:2...)</span>
                <span class="method-start">23450 ms</span>
              </div> <!-- configuration-method after -->
              <div class="test-method">
                <span class="method-name">patch_Update_Nickname</span>
                <span class="method-start">23500 ms</span>
              </div> <!-- test-method -->
              <div class="configuration-method after">
                <span class="method-name">tearDown([TestResult name=patch_Update_Nickname status=SUCCESS method=Execute_cases.patch_Update_Nickname()[p...)</span>
                <span class="method-start">24032 ms</span>
              </div> <!-- configuration-method after -->
              <div class="test-method">
                <img src="failed.png">
                </img>
                <span class="method-name">get_MSEC_District</span>
                <span class="method-start">24132 ms</span>
              </div> <!-- test-method -->
              <div class="configuration-method after">
                <span class="method-name">tearDown([TestResult name=get_MSEC_District status=FAILURE method=Execute_cases.get_MSEC_District()[pri:23, i...)</span>
                <span class="method-start">24513 ms</span>
              </div> <!-- configuration-method after -->
              <div class="test-method">
                <span class="method-name">inquiry</span>
                <span class="method-start">24601 ms</span>
              </div> <!-- test-method -->
              <div class="configuration-method after">
                <span class="method-name">tearDown([TestResult name=inquiry status=SUCCESS method=Execute_cases.inquiry()[pri:24, instance:Execute.Exec...)</span>
                <span class="method-start">24625 ms</span>
              </div> <!-- configuration-method after -->
              <div class="test-method">
                <span class="method-name">user_Details</span>
                <span class="method-start">24663 ms</span>
              </div> <!-- test-method -->
              <div class="configuration-method after">
                <span class="method-name">tearDown([TestResult name=user_Details status=SUCCESS method=Execute_cases.user_Details()[pri:25, instance:Ex...)</span>
                <span class="method-start">25936 ms</span>
              </div> <!-- configuration-method after -->
              <div class="test-method">
                <img src="failed.png">
                </img>
                <span class="method-name">txn_search_History</span>
                <span class="method-start">26003 ms</span>
              </div> <!-- test-method -->
              <div class="configuration-method after">
                <span class="method-name">tearDown([TestResult name=txn_search_History status=FAILURE method=Execute_cases.txn_search_History()[pri:26,...)</span>
                <span class="method-start">26853 ms</span>
              </div> <!-- configuration-method after -->
              <div class="test-method">
                <span class="method-name">get_Greeting_Message</span>
                <span class="method-start">26891 ms</span>
              </div> <!-- test-method -->
              <div class="configuration-method after">
                <span class="method-name">tearDown([TestResult name=get_Greeting_Message status=SUCCESS method=Execute_cases.get_Greeting_Message()[pri...)</span>
                <span class="method-start">27268 ms</span>
              </div> <!-- configuration-method after -->
              <div class="test-method">
                <span class="method-name">user_Donate_List</span>
                <span class="method-start">27308 ms</span>
              </div> <!-- test-method -->
              <div class="configuration-method after">
                <span class="method-name">tearDown([TestResult name=user_Donate_List status=SUCCESS method=Execute_cases.user_Donate_List()[pri:28, ins...)</span>
                <span class="method-start">27658 ms</span>
              </div> <!-- configuration-method after -->
              <div class="test-method">
                <span class="method-name">get_Internet_list</span>
                <span class="method-start">27703 ms</span>
              </div> <!-- test-method -->
              <div class="configuration-method after">
                <span class="method-name">tearDown([TestResult name=get_Internet_list status=SUCCESS method=Execute_cases.get_Internet_list()[pri:29, i...)</span>
                <span class="method-start">28163 ms</span>
              </div> <!-- configuration-method after -->
              <div class="test-method">
                <span class="method-name">enquiry_Fees</span>
                <span class="method-start">28248 ms</span>
              </div> <!-- test-method -->
              <div class="configuration-method after">
                <span class="method-name">tearDown([TestResult name=enquiry_Fees status=SUCCESS method=Execute_cases.enquiry_Fees()[pri:30, instance:Ex...)</span>
                <span class="method-start">28620 ms</span>
              </div> <!-- configuration-method after -->
              <div class="test-method">
                <span class="method-name">get_Address_List</span>
                <span class="method-start">28674 ms</span>
              </div> <!-- test-method -->
              <div class="configuration-method after">
                <span class="method-name">tearDown([TestResult name=get_Address_List status=SUCCESS method=Execute_cases.get_Address_List()[pri:31, ins...)</span>
                <span class="method-start">29052 ms</span>
              </div> <!-- configuration-method after -->
              <div class="test-method">
                <span class="method-name">get_Address_Detail</span>
                <span class="method-start">29094 ms</span>
              </div> <!-- test-method -->
              <div class="configuration-method after">
                <span class="method-name">tearDown([TestResult name=get_Address_Detail status=SUCCESS method=Execute_cases.get_Address_Detail()[pri:32,...)</span>
                <span class="method-start">29458 ms</span>
              </div> <!-- configuration-method after -->
              <div class="test-method">
                <span class="method-name">add_Address</span>
                <span class="method-start">29495 ms</span>
              </div> <!-- test-method -->
              <div class="configuration-method after">
                <span class="method-name">tearDown([TestResult name=add_Address status=SUCCESS method=Execute_cases.add_Address()[pri:33, instance:Exec...)</span>
                <span class="method-start">29863 ms</span>
              </div> <!-- configuration-method after -->
              <div class="test-method">
                <span class="method-name">set_Primary_Address</span>
                <span class="method-start">29949 ms</span>
              </div> <!-- test-method -->
              <div class="configuration-method after">
                <span class="method-name">tearDown([TestResult name=set_Primary_Address status=SUCCESS method=Execute_cases.set_Primary_Address()[pri:3...)</span>
                <span class="method-start">30297 ms</span>
              </div> <!-- configuration-method after -->
              <div class="test-method">
                <span class="method-name">update_Address</span>
                <span class="method-start">30338 ms</span>
              </div> <!-- test-method -->
              <div class="configuration-method after">
                <span class="method-name">tearDown([TestResult name=update_Address status=SUCCESS method=Execute_cases.update_Address()[pri:35, instanc...)</span>
                <span class="method-start">30663 ms</span>
              </div> <!-- configuration-method after -->
              <div class="test-method">
                <span class="method-name">delete_Address</span>
                <span class="method-start">30722 ms</span>
              </div> <!-- test-method -->
              <div class="configuration-method after">
                <span class="method-name">tearDown([TestResult name=delete_Address status=SUCCESS method=Execute_cases.delete_Address()[pri:36, instanc...)</span>
                <span class="method-start">31072 ms</span>
              </div> <!-- configuration-method after -->
              <div class="test-method">
                <span class="method-name">enq_HiWiFi</span>
                <span class="method-start">31221 ms</span>
              </div> <!-- test-method -->
              <div class="configuration-method after">
                <span class="method-name">tearDown([TestResult name=enq_HiWiFi status=SUCCESS method=Execute_cases.enq_HiWiFi()[pri:37, instance:Execut...)</span>
                <span class="method-start">31670 ms</span>
              </div> <!-- configuration-method after -->
              <div class="test-method">
                <img src="failed.png">
                </img>
                <span class="method-name">confirm_HiWiFi</span>
                <span class="method-start">31812 ms</span>
              </div> <!-- test-method -->
              <div class="configuration-method after">
                <span class="method-name">tearDown([TestResult name=confirm_HiWiFi status=FAILURE method=Execute_cases.confirm_HiWiFi()[pri:38, instanc...)</span>
                <span class="method-start">33096 ms</span>
              </div> <!-- configuration-method after -->
              <div class="test-method">
                <span class="method-name">enq_TelenorDataPack</span>
                <span class="method-start">33134 ms</span>
              </div> <!-- test-method -->
              <div class="configuration-method after">
                <span class="method-name">tearDown([TestResult name=enq_TelenorDataPack status=SUCCESS method=Execute_cases.enq_TelenorDataPack()[pri:3...)</span>
                <span class="method-start">33590 ms</span>
              </div> <!-- configuration-method after -->
              <div class="test-method">
                <span class="method-name">enq_HIWIFI_W0_Mobile</span>
                <span class="method-start">33629 ms</span>
              </div> <!-- test-method -->
              <div class="configuration-method after">
                <span class="method-name">tearDown([TestResult name=enq_HIWIFI_W0_Mobile status=SUCCESS method=Execute_cases.enq_HIWIFI_W0_Mobile()[pri...)</span>
                <span class="method-start">34203 ms</span>
              </div> <!-- configuration-method after -->
              <div class="test-method">
                <span class="method-name">enq_MyanmarNetPrepaid</span>
                <span class="method-start">34241 ms</span>
              </div> <!-- test-method -->
              <div class="configuration-method after">
                <span class="method-name">tearDown([TestResult name=enq_MyanmarNetPrepaid status=SUCCESS method=Execute_cases.enq_MyanmarNetPrepaid()[p...)</span>
                <span class="method-start">34665 ms</span>
              </div> <!-- configuration-method after -->
              <div class="test-method">
                <span class="method-name">enq_telenor_Fiber</span>
                <span class="method-start">34721 ms</span>
              </div> <!-- test-method -->
              <div class="configuration-method after">
                <span class="method-name">tearDown([TestResult name=enq_telenor_Fiber status=SUCCESS method=Execute_cases.enq_telenor_Fiber()[pri:42, i...)</span>
                <span class="method-start">35096 ms</span>
              </div> <!-- configuration-method after -->
              <div class="test-method">
                <span class="method-name">enq_telenor_Wireless</span>
                <span class="method-start">35138 ms</span>
              </div> <!-- test-method -->
              <div class="configuration-method after">
                <span class="method-name">tearDown([TestResult name=enq_telenor_Wireless status=SUCCESS method=Execute_cases.enq_telenor_Wireless()[pri...)</span>
                <span class="method-start">35541 ms</span>
              </div> <!-- configuration-method after -->
              <div class="test-method">
                <span class="method-name">enq_MyanmarNetAWaThone</span>
                <span class="method-start">35718 ms</span>
              </div> <!-- test-method -->
              <div class="configuration-method after">
                <span class="method-name">tearDown([TestResult name=enq_MyanmarNetAWaThone status=SUCCESS method=Execute_cases.enq_MyanmarNetAWaThone()...)</span>
                <span class="method-start">36147 ms</span>
              </div> <!-- configuration-method after -->
              <div class="test-method">
                <img src="failed.png">
                </img>
                <span class="method-name">confirm_TeleData</span>
                <span class="method-start">36206 ms</span>
              </div> <!-- test-method -->
              <div class="configuration-method after">
                <span class="method-name">tearDown([TestResult name=confirm_TeleData status=FAILURE method=Execute_cases.confirm_TeleData()[pri:45, ins...)</span>
                <span class="method-start">37354 ms</span>
              </div> <!-- configuration-method after -->
              <div class="test-method">
                <img src="failed.png">
                </img>
                <span class="method-name">confirm_HiWiFi_mobile</span>
                <span class="method-start">37432 ms</span>
              </div> <!-- test-method -->
              <div class="configuration-method after">
                <span class="method-name">tearDown([TestResult name=confirm_HiWiFi_mobile status=FAILURE method=Execute_cases.confirm_HiWiFi_mobile()[p...)</span>
                <span class="method-start">38476 ms</span>
              </div> <!-- configuration-method after -->
              <div class="test-method">
                <img src="failed.png">
                </img>
                <span class="method-name">confirm_MyanmarNetPrepaid</span>
                <span class="method-start">38502 ms</span>
              </div> <!-- test-method -->
              <div class="configuration-method after">
                <span class="method-name">tearDown([TestResult name=confirm_MyanmarNetPrepaid status=FAILURE method=Execute_cases.confirm_MyanmarNetPre...)</span>
                <span class="method-start">39679 ms</span>
              </div> <!-- configuration-method after -->
              <div class="test-method">
                <img src="failed.png">
                </img>
                <span class="method-name">confirm_Telenor_Fiber</span>
                <span class="method-start">39713 ms</span>
              </div> <!-- test-method -->
              <div class="configuration-method after">
                <span class="method-name">tearDown([TestResult name=confirm_Telenor_Fiber status=FAILURE method=Execute_cases.confirm_Telenor_Fiber()[p...)</span>
                <span class="method-start">40593 ms</span>
              </div> <!-- configuration-method after -->
              <div class="test-method">
                <img src="failed.png">
                </img>
                <span class="method-name">confirm_Telenor_Wireless</span>
                <span class="method-start">40624 ms</span>
              </div> <!-- test-method -->
              <div class="configuration-method after">
                <span class="method-name">tearDown([TestResult name=confirm_Telenor_Wireless status=FAILURE method=Execute_cases.confirm_Telenor_Wirele...)</span>
                <span class="method-start">41655 ms</span>
              </div> <!-- configuration-method after -->
              <div class="test-method">
                <img src="failed.png">
                </img>
                <span class="method-name">confirm_MyanmarNetAWaThone</span>
                <span class="method-start">41709 ms</span>
              </div> <!-- test-method -->
              <div class="configuration-method after">
                <span class="method-name">tearDown([TestResult name=confirm_MyanmarNetAWaThone status=FAILURE method=Execute_cases.confirm_MyanmarNetAW...)</span>
                <span class="method-start">42799 ms</span>
              </div> <!-- configuration-method after -->
              <div class="test-method">
                <span class="method-name">movies_enq_CanalPlus</span>
                <span class="method-start">42836 ms</span>
              </div> <!-- test-method -->
              <div class="configuration-method after">
                <span class="method-name">tearDown([TestResult name=movies_enq_CanalPlus status=SUCCESS method=Execute_cases.movies_enq_CanalPlus()[pri...)</span>
                <span class="method-start">43255 ms</span>
              </div> <!-- configuration-method after -->
              <div class="test-method">
                <img src="failed.png">
                </img>
                <span class="method-name">movies_Confirm_CanalPlus</span>
                <span class="method-start">43287 ms</span>
              </div> <!-- test-method -->
              <div class="configuration-method after">
                <span class="method-name">tearDown([TestResult name=movies_Confirm_CanalPlus status=FAILURE method=Execute_cases.movies_Confirm_CanalPl...)</span>
                <span class="method-start">44320 ms</span>
              </div> <!-- configuration-method after -->
              <div class="test-method">
                <span class="method-name">movies_enq_vivu</span>
                <span class="method-start">44360 ms</span>
              </div> <!-- test-method -->
              <div class="configuration-method after">
                <span class="method-name">tearDown([TestResult name=movies_enq_vivu status=SUCCESS method=Execute_cases.movies_enq_vivu()[pri:53, insta...)</span>
                <span class="method-start">44759 ms</span>
              </div> <!-- configuration-method after -->
              <div class="test-method">
                <img src="failed.png">
                </img>
                <span class="method-name">movies_Confirm_Vivu</span>
                <span class="method-start">44874 ms</span>
              </div> <!-- test-method -->
              <div class="configuration-method after">
                <span class="method-name">tearDown([TestResult name=movies_Confirm_Vivu status=FAILURE method=Execute_cases.movies_Confirm_Vivu()[pri:5...)</span>
                <span class="method-start">45805 ms</span>
              </div> <!-- configuration-method after -->
              <div class="test-method">
                <img src="failed.png">
                </img>
                <span class="method-name">movies_enq_mahar</span>
                <span class="method-start">45852 ms</span>
              </div> <!-- test-method -->
              <div class="configuration-method after">
                <span class="method-name">tearDown([TestResult name=movies_enq_mahar status=FAILURE method=Execute_cases.movies_enq_mahar()[pri:55, ins...)</span>
                <span class="method-start">46247 ms</span>
              </div> <!-- configuration-method after -->
              <div class="test-method">
                <img src="failed.png">
                </img>
                <span class="method-name">movies_Confirm_mahar</span>
                <span class="method-start">46282 ms</span>
              </div> <!-- test-method -->
              <div class="configuration-method after">
                <span class="method-name">tearDown([TestResult name=movies_Confirm_mahar status=FAILURE method=Execute_cases.movies_Confirm_mahar()[pri...)</span>
                <span class="method-start">46641 ms</span>
              </div> <!-- configuration-method after -->
              <div class="test-method">
                <span class="method-name">movies_enq_Lalakyi</span>
                <span class="method-start">46683 ms</span>
              </div> <!-- test-method -->
              <div class="configuration-method after">
                <span class="method-name">tearDown([TestResult name=movies_enq_Lalakyi status=SUCCESS method=Execute_cases.movies_enq_Lalakyi()[pri:57,...)</span>
                <span class="method-start">47769 ms</span>
              </div> <!-- configuration-method after -->
              <div class="test-method">
                <img src="failed.png">
                </img>
                <span class="method-name">movies_Confirm_lalakyi</span>
                <span class="method-start">47800 ms</span>
              </div> <!-- test-method -->
              <div class="configuration-method after">
                <span class="method-name">tearDown([TestResult name=movies_Confirm_lalakyi status=FAILURE method=Execute_cases.movies_Confirm_lalakyi()...)</span>
                <span class="method-start">48150 ms</span>
              </div> <!-- configuration-method after -->
              <div class="test-method">
                <span class="method-name">eload_enq_MPTeLoad</span>
                <span class="method-start">48190 ms</span>
              </div> <!-- test-method -->
              <div class="configuration-method after">
                <span class="method-name">tearDown([TestResult name=eload_enq_MPTeLoad status=SUCCESS method=Execute_cases.eload_enq_MPTeLoad()[pri:59,...)</span>
                <span class="method-start">48616 ms</span>
              </div> <!-- configuration-method after -->
              <div class="test-method">
                <img src="failed.png">
                </img>
                <span class="method-name">eLoad_Confirm_MPTeLoad</span>
                <span class="method-start">48643 ms</span>
              </div> <!-- test-method -->
              <div class="configuration-method after">
                <span class="method-name">tearDown([TestResult name=eLoad_Confirm_MPTeLoad status=FAILURE method=Execute_cases.eLoad_Confirm_MPTeLoad()...)</span>
                <span class="method-start">49535 ms</span>
              </div> <!-- configuration-method after -->
              <div class="test-method">
                <span class="method-name">eload_enq_telenor_eload</span>
                <span class="method-start">49576 ms</span>
              </div> <!-- test-method -->
              <div class="configuration-method after">
                <span class="method-name">tearDown([TestResult name=eload_enq_telenor_eload status=SUCCESS method=Execute_cases.eload_enq_telenor_eload...)</span>
                <span class="method-start">50027 ms</span>
              </div> <!-- configuration-method after -->
              <div class="test-method">
                <img src="failed.png">
                </img>
                <span class="method-name">eLoad_Confirm_telenor_eload</span>
                <span class="method-start">50069 ms</span>
              </div> <!-- test-method -->
              <div class="configuration-method after">
                <span class="method-name">tearDown([TestResult name=eLoad_Confirm_telenor_eload status=FAILURE method=Execute_cases.eLoad_Confirm_telen...)</span>
                <span class="method-start">51075 ms</span>
              </div> <!-- configuration-method after -->
              <div class="test-method">
                <span class="method-name">eload_enq_TeleDataPack</span>
                <span class="method-start">51108 ms</span>
              </div> <!-- test-method -->
              <div class="configuration-method after">
                <span class="method-name">tearDown([TestResult name=eload_enq_TeleDataPack status=SUCCESS method=Execute_cases.eload_enq_TeleDataPack()...)</span>
                <span class="method-start">51527 ms</span>
              </div> <!-- configuration-method after -->
              <div class="test-method">
                <img src="failed.png">
                </img>
                <span class="method-name">eLoad_Confirm_TeleDataPack</span>
                <span class="method-start">51566 ms</span>
              </div> <!-- test-method -->
              <div class="configuration-method after">
                <span class="method-name">tearDown([TestResult name=eLoad_Confirm_TeleDataPack status=FAILURE method=Execute_cases.eLoad_Confirm_TeleDa...)</span>
                <span class="method-start">52388 ms</span>
              </div> <!-- configuration-method after -->
              <div class="test-method">
                <span class="method-name">eload_enq_MPTDataPack</span>
                <span class="method-start">52435 ms</span>
              </div> <!-- test-method -->
              <div class="configuration-method after">
                <span class="method-name">tearDown([TestResult name=eload_enq_MPTDataPack status=SUCCESS method=Execute_cases.eload_enq_MPTDataPack()[p...)</span>
                <span class="method-start">52831 ms</span>
              </div> <!-- configuration-method after -->
              <div class="test-method">
                <img src="failed.png">
                </img>
                <span class="method-name">eLoad_Confirm_MPTDataPack</span>
                <span class="method-start">52857 ms</span>
              </div> <!-- test-method -->
              <div class="configuration-method after">
                <span class="method-name">tearDown([TestResult name=eLoad_Confirm_MPTDataPack status=FAILURE method=Execute_cases.eLoad_Confirm_MPTData...)</span>
                <span class="method-start">53928 ms</span>
              </div> <!-- configuration-method after -->
              <div class="test-method">
                <span class="method-name">eload_enq_OoredooDataPack</span>
                <span class="method-start">53961 ms</span>
              </div> <!-- test-method -->
              <div class="configuration-method after">
                <span class="method-name">tearDown([TestResult name=eload_enq_OoredooDataPack status=SUCCESS method=Execute_cases.eload_enq_OoredooData...)</span>
                <span class="method-start">54334 ms</span>
              </div> <!-- configuration-method after -->
              <div class="test-method">
                <img src="failed.png">
                </img>
                <span class="method-name">eLoad_Confirm_OoredooDataPack</span>
                <span class="method-start">54373 ms</span>
              </div> <!-- test-method -->
              <div class="configuration-method after">
                <span class="method-name">tearDown([TestResult name=eLoad_Confirm_OoredooDataPack status=FAILURE method=Execute_cases.eLoad_Confirm_Oor...)</span>
                <span class="method-start">55332 ms</span>
              </div> <!-- configuration-method after -->
              <div class="test-method">
                <span class="method-name">eload_enq_MyTelDataPack</span>
                <span class="method-start">55398 ms</span>
              </div> <!-- test-method -->
              <div class="configuration-method after">
                <span class="method-name">tearDown([TestResult name=eload_enq_MyTelDataPack status=SUCCESS method=Execute_cases.eload_enq_MyTelDataPack...)</span>
                <span class="method-start">55820 ms</span>
              </div> <!-- configuration-method after -->
              <div class="test-method">
                <img src="failed.png">
                </img>
                <span class="method-name">eLoad_Confirm_MyTelDataPack</span>
                <span class="method-start">55852 ms</span>
              </div> <!-- test-method -->
              <div class="configuration-method after">
                <span class="method-name">tearDown([TestResult name=eLoad_Confirm_MyTelDataPack status=FAILURE method=Execute_cases.eLoad_Confirm_MyTel...)</span>
                <span class="method-start">56175 ms</span>
              </div> <!-- configuration-method after -->
              <div class="test-method">
                <span class="method-name">enq_gifts_SWSGD</span>
                <span class="method-start">56218 ms</span>
              </div> <!-- test-method -->
              <div class="configuration-method after">
                <span class="method-name">tearDown([TestResult name=enq_gifts_SWSGD status=SUCCESS method=Execute_cases.enq_gifts_SWSGD()[pri:71, insta...)</span>
                <span class="method-start">56609 ms</span>
              </div> <!-- configuration-method after -->
              <div class="test-method">
                <img src="failed.png">
                </img>
                <span class="method-name">confirm_gifts_SWSGD</span>
                <span class="method-start">56643 ms</span>
              </div> <!-- test-method -->
              <div class="configuration-method after">
                <span class="method-name">tearDown([TestResult name=confirm_gifts_SWSGD status=FAILURE method=Execute_cases.confirm_gifts_SWSGD()[pri:7...)</span>
                <span class="method-start">57578 ms</span>
              </div> <!-- configuration-method after -->
              <div class="test-method">
                <span class="method-name">enq_gifts_iTunes</span>
                <span class="method-start">57626 ms</span>
              </div> <!-- test-method -->
              <div class="configuration-method after">
                <span class="method-name">tearDown([TestResult name=enq_gifts_iTunes status=SUCCESS method=Execute_cases.enq_gifts_iTunes()[pri:73, ins...)</span>
                <span class="method-start">62671 ms</span>
              </div> <!-- configuration-method after -->
              <div class="test-method">
                <img src="failed.png">
                </img>
                <span class="method-name">confirm_gifts_iTunes</span>
                <span class="method-start">62714 ms</span>
              </div> <!-- test-method -->
              <div class="configuration-method after">
                <span class="method-name">tearDown([TestResult name=confirm_gifts_iTunes status=FAILURE method=Execute_cases.confirm_gifts_iTunes()[pri...)</span>
                <span class="method-start">63581 ms</span>
              </div> <!-- configuration-method after -->
              <div class="test-method">
                <span class="method-name">enq_gifts_viberOut</span>
                <span class="method-start">63610 ms</span>
              </div> <!-- test-method -->
              <div class="configuration-method after">
                <span class="method-name">tearDown([TestResult name=enq_gifts_viberOut status=SUCCESS method=Execute_cases.enq_gifts_viberOut()[pri:75,...)</span>
                <span class="method-start">63993 ms</span>
              </div> <!-- configuration-method after -->
              <div class="test-method">
                <img src="failed.png">
                </img>
                <span class="method-name">confirm_gifts_viberOut</span>
                <span class="method-start">64032 ms</span>
              </div> <!-- test-method -->
              <div class="configuration-method after">
                <span class="method-name">tearDown([TestResult name=confirm_gifts_viberOut status=FAILURE method=Execute_cases.confirm_gifts_viberOut()...)</span>
                <span class="method-start">64814 ms</span>
              </div> <!-- configuration-method after -->
              <div class="test-method">
                <span class="method-name">reload_1234</span>
                <span class="method-start">64840 ms</span>
              </div> <!-- test-method -->
              <div class="configuration-method after">
                <span class="method-name">tearDown([TestResult name=reload_1234 status=SUCCESS method=Execute_cases.reload_1234()[pri:77, instance:Exec...)</span>
                <span class="method-start">64843 ms</span>
              </div> <!-- configuration-method after -->
              <div class="test-method">
                <span class="method-name">create_RTP</span>
                <span class="method-start">64874 ms</span>
              </div> <!-- test-method -->
              <div class="configuration-method after">
                <span class="method-name">tearDown([TestResult name=create_RTP status=SUCCESS method=Execute_cases.create_RTP()[pri:78, instance:Execut...)</span>
                <span class="method-start">65253 ms</span>
              </div> <!-- configuration-method after -->
              <div class="test-method">
                <span class="method-name">pay_RTP</span>
                <span class="method-start">65287 ms</span>
              </div> <!-- test-method -->
              <div class="configuration-method after">
                <span class="method-name">tearDown([TestResult name=pay_RTP status=SUCCESS method=Execute_cases.pay_RTP()[pri:79, instance:Execute.Exec...)</span>
                <span class="method-start">65648 ms</span>
              </div> <!-- configuration-method after -->
              <div class="test-method">
                <span class="method-name">my_Workbench</span>
                <span class="method-start">65696 ms</span>
              </div> <!-- test-method -->
              <div class="configuration-method after">
                <span class="method-name">tearDown([TestResult name=my_Workbench status=SUCCESS method=Execute_cases.my_Workbench()[pri:80, instance:Ex...)</span>
                <span class="method-start">71359 ms</span>
              </div> <!-- configuration-method after -->
          </div> <!-- main-panel-content rounded-window-bottom -->
        </div> <!-- panel -->
      </div> <!-- main-panel-root -->
    </div> <!-- wrapper -->
  </body>
<script type="text/javascript" src="testng-reports2.js"></script>
</html>
